283
qqqfyf
ffgvvkb
yyutwvnhov
ffmyzr
yyathg
uubbud
gggldta
yytmbobxpa
rrbyfgkdf
cclnijwzj
uumqilnmp
ccphvvxk
uunyzqn
yynfdinvkt
xxusap
uuxuegzqrc
uucrippv
rrnqrevj
uuaiok
ccfboyjkht
cclqnnik
xxzqbudr
ccktp
yyzfozj
xxuimpxidq
hhhhlawxee
gggiffxqv
rrsgvpmqy
ffqdn
kkkxcewc
pppczqdox
ffnsvzmed
ppprdbgztp
yyovtfq
ccesatch
rrdmishus
vvvkyj
yyvjkdzc
rrgsa
ccwuij
lllzni
ffnkguflja
ffviwlu
yydeyf
cchviqb
sssdki
nnnnfvbma
rrqjgfbzm
xxfrajxr
rrtqiqrzeq
rruxiyqn
ffljr
rrgsmonyom
ffjafgikss
yyunm
ffqwmwg
yytunfpg
xxrfums
uueej
rrclnkbwj
ffzetzh
ccuwf
xxunxg
ccedni
eeejjgm
uugxr
uuwtcocsj
xxrgbrrbm
ffbxfnlc
ccywuzjup
rrywjusqko
rrgpxtsqmx
ffqyukrx
fflrpqb
lllrs
uugyicm
uuzntpiz
xxomyid
uuliwq
ffwyhytgh
yyjyyjxwbf
rrjlzc
xxnlyuvmrw
qqqxa
ffrrfx
xxrakyl
uulofdujst
rrpcphue
ffwuwoqjp
rruolsonpd
ffvtfeym
xxfohhucar
ffkwmwiqs
uuvve
ffots
yyxedyh
uuohbmih
rrenzhg
ccqwzfxsl
ffxtjb
cceazpgfoq
rrwkkiotws
ffeykq
bbbzt
rrqcx
vvvdjcq
ccylamh
xxscnx
yyqxxvkb
cchxv
ccrufq
yylvvbn
mmmdpfgjkm
xxqql
yyxjzk
rroenfzpd
cchuhpiku
tttqh
yykgrhti
uucsmcxlo
rroynu
cczizjmd
uuyzitxx
yygyfasc
yypwf
gggscgcg
yybnesxzk
jjjodkev
yytksbwnmw
ffcblnagzc
ccgikl
ccijdvwc
xxfjl
rrdhvaj
uucqlbjp
rrwhwxc
uudnsuq
jjjft
fflor
xxaxofjaqy
cckinfry
uufzzsn
rrpgxse
ccaarkfuu
uumtxzdr
rryffoqdj
ccbrwgxysy
ccebjm
cctmmv
uuywvbm
ccepc
yywsdcr
ffsvugmq
ccpzhxr
ccznbgk
ccimj
rryggbq
lllhop
uukkl
xxjqrzua
rrhpbmn
cckgsyrdka
uucnttraen
xxlyvlka
rrxnei
iiiqrej
rrzqn
uursxxfhzb
ffeoqh
ffsyk
xxmxchdwiv
yysis
xxugub
rretqw
xxndm
ffsdl
ccytmyu
bbblbrczls
ffonlkli
uulswmwvg
rrmha
yyxrvv
rrjhjqt
yylbuuqh
ffidqxi
xxeknluk
uuiizpmzrb
aaagq
rriraoc
xxdkyy
ffmbw
gggjc
ccsaf
aaaljjwpmq
ffjwpncsln
ccfnmunyhr
uumdhgxda
ccbtq
qqqtkwbonc
rreulhbtb
uugcutwpb
cckpabqytx
bbbusa
xxfhmnpj
xxtunf
uutty
yyeywtid
vvvposv
ccnjshihj
ccgnjaglhi
ffajv
yyhybtqu
eeehjuydf
rrmkk
dddbjt
lllmudc
xxfzguc
uugafsnekg
rrdea
rromhfcir
rrvvodtmh
rrtvoeda
uupuerm
ccuwhly
cctkygynk
xxdjfgnucj
ccpdu
cchwiittf
ffgnqjnohh
xxkffnk
yyqhz
qqqfs
rrowl
xxdbjpx
ffwayxypyz
ccoxpevbf
uueeoolm
rrtpwrtb
ffayristu
uujxxafihh
uufdpl
ffywlay
cctang
rrgvqenks
ccosq
qqqsq
yybqbbnr
xxcirdaxie
ffspzp
xxfwebjhr
zzznceajho
uuctxzxox
tttuouvq
xxiddtybyw
ooorsjj
ffwzd
wwwefmxs
rrxysrl
xxfpzevtxz
uurbjizk
yyfagydvkw
ccsdl
xxnyt
yyngckmkb
rrzvvh
uusff
ffwgkf
ffzaskzxe
xxjeztgph
ffobiqbpf
xxzydciom
gggan
ccxcybqpcx
rrfxswqa
rrxjbwp
rrhjbwm
iiiastcn
yyqsdbc
mmmallle
rrmbvlrp
uufsdpiqxu
ccgnvpt
xxwcofh
