25957118040552
3655272418294
0
12038681083976
29476947032
12038681083976
1463101802230
0
47211564268568
450356724192764823
10521358965631592503
4284391099233754356
14835443062254924369
2125511158955458152
212732231018535607
13742632536920826645
7182362808709804825
12907703004579004433
6586554251493549528
11788979578487264790
1391692918946009118
6431425803449871292
0
274823843172439214
6581329662871075020
6939145900352468826
11227396231885326333
3341997662882786793
1872645000217503837
10323358090190272093
3241750046067465374
1969948698167920221
4969622815216863837
4969622815216863837
11417670420730640989
10323358090190272093
17789383206796694705
2326533303200845405
13123593548624497118
8845485251626624674
17191805201796430900
11603961667426782762
4205458536949622452
5923127749256019500
6736659075684915252
9733508306034178740
0
3461607258606298215
11656707174157225179
11656707174157225179
15105397708314597595
4603089293184133542
2148534014029323652
11105916764434016475
1565000625309562587
15554477534561534171
13810976169154131585
4242929347674
41611367214982
52911608435440
923641639806
47721303710472
76335928517644
35919703120151
13743119042474
35919703120151
21357647616620
8660640771826924010
9054908286583166398
213206955209171434
1927443245981482106
7554106268513158389
13921881309027038255
14003943330907980958
6845263373336261189
17081215540350641108
556301283640866559
230769582576446
1936924244760
226482300208617
927150921644
51925051522088
89411027313787
217907735472959
4925309984183
9882670661032
21467366211296
4295529742048
5753308783988
5753308783988
3384385260760
2434232682487
19364442740309
