6172
831
20151
11314
652
110755
10775
134018
70007
47683
5294
1244
196
15164
167080
26077
143056
40777
229436
70307
198412
23369
163403
31209
102864
1033
60492
162031
186910
79224
21021
991
157010
21594
1681
182870
354377
24723
505241
40788
21
34873
2646
5608
192428
18585
31171
960
360
351666
547809
506
69
10292
572709
1450
13084
1370778
542443
11355
58363
515134
1123
2522
58240
21
172617
107546
7966
2769
586
81938
215268
13368
2226
479899
401614
330927
69600
1000637
613
513221
165110
1416
550587
950
72813
4262
106129
1792
634223
978976
6936
1144
1450
46215
1108
2797
6108
1137
66706
670
1104
942947
1053608
76118
1151071
3043
1666574
930448
1255506
2710
18977
1061
21369
2463
5617
166347
471297
2089517
3215
3560
4711
1126416
406269
650389
112415
989
16343
15225
153259
1870
1375012
4738
1465
212519
11402
1415705
77
797986
2998
48333
26525
368052
931
4947
12529
42444
4383
3733
1717426
15178
709882
1341
1028
201295
5707
213470
5425
2261
1055172
22454
13944
1938078
14994
261090
94865
652117
152653
464575
293134
2100604
434626
501260
120213
132702
246911
1689
1077695
1361210
93366
37474
13006
1946
682704
931
3991
13
1460192
5334
19332
2993
1122
1007656
673702
2426471
1215185
3662
1260115
35194
1121290
13985
8010
8131
858531
598882
292510
2023311
547640
9010
2450
77800
3913
280104
3913
3799
1162110
499040
13
17955
90047
49014
269003
409437
471232
276352
608921
10960
3708
1083182
23088
2089775
8569
5398
1001337
19851
1865
2299985
1283164
1867
543132
2543946
2115
4223
13760
637
1825326
2718728
8628
81161
1393207
8234
4082
23335
666419
202757
5316
2698900
4119
2218835
10231
400752
2941901
2566947
3129
8544
1450550
65295
318667
4080
5878
1199
2805
4795743
9720
1718285
531397
15274
1720651
2231317
2329633
428580
302
816153
90752
359711
624798
1708988
1721906
534474
599
18570
2689272
529584
186949
8339
44355
296963
2818201
2424653
1556206
2028
3571707
2865591
187178
437
2024444
2925484
1934136
2271026
3159013
5307
52606
5926
689243
1764603
5342530
1458327
852890
3620266
3115375
931
5955
2941780
1013918
867230
1727207
2756470
6532
1410549
1612190
7341
1995
2116368
2888978
28970
1952
864258
1620987
3333386
82244
493332
3751107
447780
201
376
2646
2000
127354
5906
6176528
11780
286289
1810433
25018
333550
8395
2773030
39722
3086535
1212111
1554
3349
71
2401458
6842
3877138
131825
238
838745
2262359
329762
6993
3166006
576285
341208
1910
953
157408
14919
78845
1112463
476057
33203
18811
1127782
2559685
7529
1929531
65084
62321
2270015
4654
296404
7965
1400867
755778
2101
3253392
14895
2180
3712642
66960
584692
2430431
8089
7533
234167
120263
2137537
5184
15581
10175
14075
9439
2376974
1700452
4160
589614
30323
46343
1799905
487103
453149
3723
2897196
866239
2254
7619528
500187
1731346
1051269
7571
23563
9042
1066052
4355355
709727
19224
328996
10323
4554
3917549
2393571
23452
3330451
194236
482011
10842
3522
8369
3351662
1652566
1166951
4072
23758
1134
4844035
1265809
2645498
747951
858
3598828
4120484
2305006
2117046
2205
4894428
864888
20195
15208
862968
1534
5547
5942
795
3412633
1533014
23270
4140117
2715
442918
3609183
3201
2028
2769
5233892
2167
6971
1547
3118
64980
30873
56441
1294875
13687
2536208
10680
2148686
1084191
21033
4935
3006148
2314
5876
4667
961028
129567
2890294
3546241
