1518096156310
1518096156200
1518096156178
1518096156212
1518096156256
1518096156219
1518096156162
1518096156253
1518096156075
1518096156166
1518096156175
1518096156104
1518096156312
1518096156179
1518096156224
1518096156299
1518096156385
1
1518096156183
1518096156182
1518096156260
1518096156197
1518096156159
1518096156071
1518096156132
1518096156174
1518096156382
1518096156267
1518096156272
1518096156256
1518096156219
1518096156160
1518096156259
1518096156163
1518096156159
1518096156149
1518096156379
1518096156308
1518096156283
1518096156373
1518096156255
1518096156245
1518096156293
1518096156306
1518096156254
1518096156151
1518096156200
1518096156364
1518096156311
1518096156097
1518096156288
1518096156391
1518096156215
1518096156381
1518096156390
1518096156158
1518096156311
1518096156240
1518096156211
1518096156190
1518096156169
1518096156217
1518096156403
1518096156103
1518096156259
1518096156381
1518096156385
1518096156057
1518096156388
1518096156313
1518096156394
1518096156312
1518096156234
1518096156352
1518096156148
1518096156181
1518096156325
1518096156162
1518096156187
1518096156200
1518096156251
1518096156171
1518096156144
1518096156384
1518096156366
1518096156387
1
1518096156162
1518096156218
1518096156394
1518096156201
1518096156384
1518096156309
1518096156377
1518096156314
1518096156376
1518096156161
1518096156199
1518096156173
1518096156257
1518096156157
1518096156347
1518096156386
1518096156238
1518096156115
1518096156169
1518096156389
1518096156366
1518096156169
1518096156278
1518096156385
1518096156166
1518096156376
1518096156392
1518096156316
1518096156237
1518096156152
1518096156384
1518096156070
1518096156258
1518096156146
1
1518096156248
1518096156253
1518096156385
1518096156166
1518096156149
1518096156387
1518096156195
1
1518096156372
1518096156155
1518096156309
1518096156336
1518096156210
1518096156393
1518096156190
1518096156387
1518096156274
1518096156182
1518096156396
1518096156296
1518096156398
1518096156358
1518096156174
1518096156202
1518096156226
1518096156396
1
1518096156395
1518096156364
1518096156388
1518096156159
1518096156170
1518096156379
1518096156226
1518096156164
1518096156391
1518096156290
1518096156174
1518096156085
1518096156183
1518096156392
1518096156160
1518096156232
1518096156111
1518096156250
1518096156385
1518096156395
1518096156374
1518096156202
1518096156256
1518096156398
1518096156085
1518096156270
1518096156306
1518096156200
1518096156289
1518096156393
1518096156181
1518096156189
1518096156372
1518096156298
1518096156155
1518096156179
1518096156176
1518096156336
1518096156178
1518096156208
1518096156360
1518096156204
1518096156096
1518096156325
1518096156312
1518096156385
1518096156176
1518096156204
1518096156222
1518096156079
1518096156174
1518096156187
1518096156251
1518096156331
1518096156365
1518096156176
1518096156200
1518096156273
1
1518096156393
1518096156161
1518096156377
1518096156249
1518096156282
1518096156158
1518096156162
1518096156165
1518096156160
1518096156323
1518096156385
1518096156099
1518096156135
1518096156398
1518096156106
1518096156223
1518096156175
1518096156317
1518096156154
1518096156382
1518096156213
1518096156188
1518096156249
1518096156201
1518096156251
1518096156326
1518096156325
1518096156390
1518096156392
1518096156173
1518096156256
1518096156177
1518096156147
1518096156214
1518096156251
1518096156384
1518096156192
1518096156158
1518096156190
1518096156210
1518096156183
1518096156126
1518096156166
1518096156313
1518096156385
1518096156302
1518096156118
1518096156156
1518096156248
1518096156236
1518096156395
1518096156398
1518096156383
1518096156308
1518096156095
1518096156333
1518096156155
1518096156250
1518096156368
1518096156374
1518096156313
1518096156389
1518096156253
1518096156243
1518096156166
1518096156388
1518096156381
1518096156159
1518096156162
1518096156229
1518096156196
1518096156135
1518096156177
1518096156385
1518096156161
1518096156220
1518096156350
1518096156227
1518096156185
1
1518096156388
1518096156210
1518096156393
1518096156163
1518096156253
1518096156385
1518096156158
1518096156230
1518096156394
1518096156244
1518096156342
1518096156378
1518096156373
1518096156182
1518096156148
1518096156219
1518096156255
1518096156199
1518096156173
1518096156215
1518096156388
1518096156296
1518096156194
1518096156207
1518096156281
1
1518096156372
1518096156203
1518096156246
1518096156174
1518096156397
1518096156140
1518096156286
1518096156278
1518096156389
1518096156318
1518096156153
1518096156221
1518096156212
1518096156239
1518096156203
1518096156301
1518096156207
1518096156312
1518096156392
1518096156290
1518096156294
1518096156248
1518096156304
1518096156388
1518096156211
1518096156172
1518096156220
1518096156178
1518096156304
1518096156394
1518096156210
1518096156391
1518096156198
1518096156383
1518096156299
1518096156291
1518096156386
1518096156362
1518096156377
1518096156292
1518096156393
1518096156084
1518096156158
1518096156164
1518096156236
1
1518096156377
1518096156168
1518096156227
1518096156301
1518096156315
1518096156096
1518096156396
1518096156253
1518096156388
1518096156395
1518096156386
1518096156151
1518096156211
1518096156389
1518096156263
1518096156090
1518096156177
1518096156364
1518096156178
1518096156380
1518096156376
1518096156259
1518096156384
1518096156382
1518096156385
1518096156199
1518096156065
1518096156364
1518096156167
1518096156158
1518096156210
1518096156360
1518096156190
1518096156375
1518096156365
1518096156383
1518096156305
1518096156160
1518096156172
1518096156382
1518096156254
1518096156201
1518096156377
1518096156252
1518096156205
1518096156253
1518096156141
1518096156345
1518096156390
1518096156387
1518096156313
1518096156262
1518096156365
1518096156198
1518096156197
1518096156314
1518096156342
1518096156185
1518096156356
1518096156210
1518096156378
1
1518096156153
1518096156384
1518096156109
1518096156257
1518096156162
1518096156395
1518096156196
1518096156193
1518096156091
1518096156269
1518096156169
1518096156164
1518096156071
1518096156218
1518096156176
1518096156177
1518096156255
1518096156363
1518096156385
1518096156385
1518096156202
1518096156358
1518096156191
1518096156149
1518096156372
1518096156163
1518096156240
1518096156200
1518096156316
1518096156394
1518096156232
1518096156335
1518096156166
1518096156257
1518096156206
1518096156248
1518096156372
1518096156285
1518096156242
1518096156213
1518096156380
1518096156396
1518096156171
1518096156398
1518096156348
1518096156377
1518096156258
1518096156153
1518096156393
1518096156389
1518096156251
1518096156256
1518096156271
1518096156267
1518096156206
1518096156301
1518096156230
1518096156383
1518096156275
1518096156388
1518096156186
1518096156391
1518096156208
1518096156255
1518096156192
1518096156380
1518096156392
1518096156307
1518096156316
1518096156248
1518096156339
1518096156265
1518096156388
1518096156215
1518096156357
1518096156378
1518096156322
1518096156151
1518096156192
1518096156187
1518096156169
1518096156318
1518096156252
1518096156394
1518096156392
1518096156158
1518096156190
1518096156158
1518096156113
1518096156390
1518096156062
1518096156246
1518096156391
1518096156200
1518096156385
1518096156343
1518096156174
1518096156111
1518096156161
1518096156307
1518096156361
1518096156230
1518096156105
1518096156150
1518096156349
1518096156382
1518096156174
1518096156201
1518096156146
1518096156171
1518096156326
1518096156397
1518096156212
1518096156198
1518096156393
1518096156254
1518096156254
1518096156389
1518096156394
1518096156199
1518096156175
1518096156240
1518096156304
1518096156213
1518096156170
1518096156252
1518096156163
1518096156154
1518096156362
1518096156279
1518096156340
1518096156186
1518096156253
1518096156202
1518096156252
1518096156309
1518096156386
1518096156166
1518096156311
1518096156284
1518096156392
1518096156383
1518096156215
1518096156218
1518096156201
1518096156202
1518096156155
1518096156101
1518096156317
1518096156325
1518096156201
1518096156202
1518096156389
1518096156139
1
1518096156369
1518096156382
1518096156245
1518096156256
1518096156389
1518096156379
1518096156167
1518096156384
1518096156255
1518096156311
1518096156257
1518096156383
1
1518096156307
1518096156370
1518096156178
1518096156344
1518096156161
1518096156272
1518096156202
1518096156359
1518096156282
1518096156393
1518096156391
1518096156140
1518096156307
1518096156304
1518096156247
1518096156328
1518096156131
1518096156205
1518096156236
1518096156207
1518096156205
1518096156398
1518096156207
1518096156235
1518096156100
1518096156184
1518096156164
1518096156251
1518096156185
1518096156396
1518096156165
1518096156361
1518096156386
1518096156275
1518096156212
1518096156393
1518096156403
1518096156303
1518096156224
1518096156079
1518096156123
1518096156302
1518096156396
1518096156107
1518096156382
1518096156386
1518096156275
1518096156186
1518096156245
1518096156239
1518096156395
1518096156217
1518096156193
1518096156066
1518096156389
1518096156171
1518096156170
1518096156233
1518096156174
1518096156261
1518096156368
1518096156382
1518096156386
1518096156272
1518096156155
1518096156179
1518096156155
1518096156184
1518096156214
1518096156156
1518096156083
1518096156175
1518096156198
1518096156211
1518096156238
1
1518096156253
1
1518096156177
1518096156385
1518096156387
1518096156383
1518096156206
1518096156149
1518096156178
1518096156384
1518096156392
1518096156287
1518096156173
1518096156266
1518096156218
1518096156391
1518096156267
1518096156188
1518096156134
1
1518096156395
1518096156233
1518096156199
1518096156070
1518096156258
1518096156202
1518096156167
1518096156182
1518096156105
1518096156255
1518096156401
1
1518096156172
1518096156224
1518096156205
1518096156193
1518096156251
1518096156270
1518096156190
1518096156190
1518096156379
1518096156226
1518096156391
1518096156390
1518096156175
1518096156300
1518096156374
1518096156246
1518096156341
1518096156392
1518096156397
1518096156171
1518096156242
1518096156195
1518096156345
1518096156100
1518096156196
1518096156166
1518096156171
1518096156248
1518096156062
1518096156253
1518096156360
1518096156164
1518096156168
1518096156140
1518096156147
1518096156073
1518096156156
1518096156290
1518096156227
1518096156403
1518096156387
1518096156195
1518096156253
1518096156092
1518096156154
1518096156172
1518096156309
1518096156193
1518096156368
1518096156291
1518096156330
1518096156234
1518096156172
1518096156165
1518096156377
1518096156368
1518096156200
1518096156383
1518096156387
1518096156322
1518096156315
1518096156171
1518096156394
1518096156360
1518096156352
1518096156387
1518096156394
1518096156171
1518096156254
1518096156283
1518096156388
1518096156339
1518096156384
1518096156215
1518096156380
1518096156108
1518096156099
1518096156297
1518096156377
1518096156361
1518096156263
1518096156384
1518096156393
1518096156161
1518096156089
1518096156153
1518096156201
1518096156162
1518096156153
1518096156378
1518096156383
1518096156295
1518096156389
1518096156079
1518096156276
1518096156380
1518096156389
1518096156320
1518096156381
1518096156371
1518096156255
1518096156169
1518096156375
1518096156369
1518096156223
1518096156189
1518096156168
1518096156219
1518096156250
1518096156146
1518096156162
1518096156266
1518096156365
1518096156247
1518096156214
1518096156169
1518096156393
1518096156161
1518096156238
1518096156364
1518096156357
1518096156253
1518096156231
1518096156238
1518096156227
1518096156254
1518096156234
1518096156389
1518096156394
1518096156369
1518096156255
1518096156166
1518096156203
1518096156153
1518096156389
1518096156369
1518096156321
1518096156316
1518096156346
1518096156188
1
1518096156267
1518096156198
1518096156400
1518096156375
1518096156159
1518096156253
1518096156386
1518096156159
1518096156229
1518096156150
1518096156279
1518096156394
1518096156376
1518096156321
1518096156251
1518096156163
1518096156375
1518096156198
1518096156308
1518096156169
1518096156243
1518096156173
1518096156395
1518096156383
1518096156159
1518096156175
1518096156156
1518096156194
1518096156305
1518096156256
1518096156374
1518096156137
1518096156377
1518096156169
1518096156328
1518096156384
1518096156389
1518096156219
1518096156153
1518096156198
1518096156174
1518096156164
1518096156213
1518096156291
1518096156374
1518096156190
1
1518096156180
1518096156378
1518096156172
1518096156154
1518096156151
1518096156390
1518096156389
1518096156308
1518096156225
1518096156260
1518096156381
1518096156172
1518096156287
1518096156329
1518096156071
1518096156387
1518096156184
1518096156155
1518096156377
1518096156211
1518096156381
1518096156191
1518096156076
1518096156123
1518096156394
1518096156219
1518096156364
1518096156256
1518096156186
1518096156241
1518096156116
1518096156241
1518096156247
1518096156157
1518096156388
1518096156387
1518096156185
1518096156382
1518096156067
1518096156387
1518096156263
1518096156253
1518096156388
1518096156256
1518096156250
1518096156136
1518096156236
1518096156176
1518096156388
1518096156386
1518096156403
1518096156257
1518096156158
1518096156163
1518096156401
1518096156392
1518096156268
1518096156385
1518096156255
1518096156391
1518096156313
1518096156380
1518096156134
1518096156233
1518096156217
1518096156211
1518096156258
1518096156173
1518096156164
1518096156099
1518096156173
1518096156174
1518096156222
1518096156184
1518096156180
1518096156172
1518096156393
1518096156315
1518096156212
1518096156141
1518096156394
1518096156391
1518096156257
1518096156170
1518096156217
1518096156396
1518096156387
1518096156397
1518096156159
1518096156256
1518096156179
1518096156233
1518096156392
1518096156172
1518096156212
1518096156392
1518096156226
1518096156176
1518096156157
1518096156189
1518096156263
1518096156157
1518096156391
1518096156400
1518096156235
1518096156188
1518096156311
1518096156336
1518096156341
1518096156254
1518096156271
1518096156392
1518096156382
