868514428
715478015
727899921
293541281
206189146
876976500
897970366
29238926
701021012
657238965
168481813
956413419
677454612
633601813
222534642
208169769
539348232
813674219
147294671
503821140
253370864
425650827
605626031
231125758
996069193
716158843
879332062
341519803
280235096
285140759
275424748
900311470
36366385
829567215
48686197
750628062
232818930
151566378
673610227
867220107
290079941
902291848
479385037
960974268
740852213
579635093
474503684
375485947
490376762
436558742
213145726
704485224
262152740
871260642
279059091
336942434
949810977
507207946
142773000
670324386
541889726
240842111
389435110
186062179
96440543
897741826
549999129
326920018
675395878
175786568
355301709
540851621
958503353
738821315
661001397
874210103
191302831
387162729
860456852
654083790
673021986
785960612
397464059
179285456
528759537
846133696
808094566
868292315
460651113
398525569
843600760
261893124
887780718
792560058
119187285
612190941
265345946
843626943
433925431
187445523
797445463
503472911
991030935
350644024
993460992
409341582
487784182
606777049
184330776
431233559
701847660
500572442
915136858
569961778
343377910
496041871
252929741
48688866
214897958
367469467
760781480
77086260
346227246
63334288
388000324
167388555
691944309
339270053
694487576
846915374
994161474
360371250
748591042
436650657
389010864
83170699
280325396
178666890
519341052
325578127
530739271
109992210
235096927
419163564
745083544
820980201
387583151
14411572
697877302
575179298
819383807
63890094
85914981
594424990
964081349
668298307
703195991
302495262
906851635
903208869
508566909
52238241
62979297
62707057
55987115
355707512
207044897
968478523
14155540
482793298
437927688
632442877
547058389
586071753
321509106
135196594
16941542
794748447
714154352
141145846
520776155
667543658
749808754
217807843
618748510
825143344
654461910
879673326
738441878
393350211
783359062
270350180
607592736
646077180
714700700
795339089
757878931
813450560
248137776
502820158
439540746
480885626
437828196
656741777
746190351
907888904
423753437
543785969
226441958
57059018
746753359
812852963
734147517
307356477
598380949
226537689
425660202
258603180
152560244
21562561
13009362
781328931
358555728
830846982
67673519
486884564
223616259
8334893
669295473
444398162
349733972
630156369
709726340
615271189
504963689
982886418
995425459
185194598
545872804
224344924
921599481
596770893
588229941
919141297
351107286
33688773
638365771
159268104
870736289
55363056
779853047
324092739
220369840
341536658
657243817
739694588
558172733
464592464
37436100
304662942
126638962
544411920
611883703
544001557
624805795
889323968
155031521
585418328
419973089
908084055
665757239
476205843
204372892
669867391
717353216
106706191
530458120
140976636
589436114
415328434
4663092
584480244
310457951
264272381
616721410
311822047
854744831
977492763
232867550
677388087
436495332
643474952
235013530
237953893
255550437
565035582
751750416
211314717
718737755
512426122
120304073
964567014
367396373
393977869
399519093
445234240
377924994
589936243
781761457
169076977
809560568
773323112
581449294
342903893
212209641
927343732
920236719
135215549
624312058
318487645
734702103
653427132
234222886
446742114
193167585
214682095
822027217
463892750
974987651
391799080
839082762
921634030
174792258
411532909
474916506
289197673
526718068
131265702
604770069
587217037
85276549
186762377
125520132
458110639
105272832
689673708
180325668
618825957
203004651
867378674
722623282
813789217
128921625
617160436
644452800
346682188
258591131
126777166
570012301
893232854
722772601
982357668
552992240
703627751
300157125
273445727
381873885
506834188
217144067
497892642
899530861
237966256
505839015
987479184
240884570
23469179
405456876
934244533
411115940
7681024
874355561
554791581
984312729
147395853
757402869
550507601
323780169
390365636
728531820
295266636
806243520
286996147
847697115
715570234
90902174
753632346
827910462
880574774
752022465
196552941
66493967
138770924
164363637
767916029
311227023
612780045
41845102
774753847
743444019
105323334
737308293
234780369
940914893
542463295
601470977
681643180
522298204
412785906
690738414
883054402
72717935
717419975
524977876
855447565
224074933
285354395
221140799
335617458
662057226
619706079
46847557
306726912
186853977
160101031
644943322
396308430
326728012
319211027
271551649
732044005
982076834
124585837
474789681
120294882
657406766
888582834
148805189
845309806
980107223
508849625
37926382
222750481
537466380
864075203
85588780
319586577
992970318
790952021
957224853
894927404
487731285
903990732
855976553
510751423
337282987
63499251
500849976
785234302
371995048
