375432604
52885108
732131239
335583873
375432604
582199284
235058938
682619432
62026709
631048460
51394660
25596188
244696891
1009575922
9787768
9787768
618642640
278237785
251668359
321813234
563194827
101752810
208858224
262327445
11344020
907542692
275574805
1182618779
20489113
1215012508
838060601
15849943
168527462
537661946
301301341
838060601
46928748
656331376
1656165287
181551648
31803656
1136481
836554656
836554656
836554656
487461834
653789051
24729154
203153488
1208541802
384781274
596638051
836554656
836554656
437014487
836554656
705006147
816207769
82827500
1145282666
1215747938
108516695
512709002
791533420
791533420
684195973
623246639
732468122
186965265
256434981
92159534
623246639
706415104
36643092
623246639
3052120
370866151
113567070
623246639
351205240
28366266
79368520
319092228
623246639
84444729
282622348
766062081
14268024
62331046
118092346
673293032
132743223
1004934757
54579019
486432704
735745652
322001044
650669464
46777545
46777545
2435844051
402654047
490478788
468429829
42139647
51292371
871571872
749963620
501476111
550862400
501476111
3901902
501476111
197307202
64756658
90828418
48308102
501476111
2557452303
589768447
545096798
710746452
407420226
642478041
218163475
710746452
710746452
82741685
29907951
1059188894
1059188894
732762743
732762743
833828088
197400767
112415834
1193221381
1522937656
43889182
235320058
67053462
158286148
459923182
104
355558004
169499273
868517814
334342790
274154762
411553867
334342790
334342790
21082685
1820083371
430297252
773928637
21697920
25529012
473752531
473752531
203452125
52069308
781930310
215619823
1683590440
1683590440
52069308
2037960158
377464315
796293907
52069308
915132518
773588349
7077
268505973
285573818
9871428
904274371
1652696089
383238474
333609483
1499022653
23886805
1652696089
1652696089
94186966
3879323916
1652696089
1652696089
2214026832
611138909
346164025
26431101
514058242
80762660
31718891
228181458
879032055
14446590
9296904
879032055
879032055
197610567
190697990
81957084
64987871
1641317460
500153686
22415900
103503150
14942868
469694514
552578591
241634160
293728295
353456331
293728295
588331488
160472190
148581856
293728295
293728295
1314390866
14446590
108195598
1019787673
634132196
94537047
94537047
85301592
1960045610
1960045610
333994059
846873593
1770995367
846873593
292055679
55604137
435429595
435429595
407829102
73889141
310418048
155154242
9657219
169939617
276902157
744596020
143151012
126640789
566394893
8350866
1093072522
130345636
229627975
705936481
229627975
204733941
129955550
485288630
485288630
126459805
485288630
19273461
27907959
388433497
705077736
1306573586
555552218
544844019
132842971
169921279
169921279
9631710
255290110
12051148
555552218
17767479
169921279
34787064
19825160
69854586
341507577
290007735
471987157
350904594
199198121
110558286
1518813
394611371
444151022
444151022
257542804
10988058
126008948
116817734
26751317
63233451
229914469
243130398
605733431
156405685
90523844
756084317
891038659
426326905
47825897
44419192
1244528856
2535585
297544083
596050082
156967679
359099877
25253787
10024244
209149748
80963547
882279955
2104794780
540768285
60114799
84786418
830239482
1626832452
940335096
210762820
22649615
4488962
233530521
199199250
162792349
223660931
286255059
1477215898
2086161
403690936
36249711
1214471051
172253013
50158650
77821069
7668022
102406086
749864285
152364423
564878365
111239467
13340852
749864285
260511598
1608879726
614220630
111239467
749864285
15134066
15134066
880793884
18071196
6275538
1202676942
511452405
67631332
80353639
802879953
591185668
151046910
28842778
802879953
164895
34485331
2323848
840491398
1883993340
259740573
259740573
109023774
456321406
2328370509
259740573
432156238
623438092
192771832
541516926
6674910
267428534
192771832
192771832
559420861
245671081
35570246
245671081
42885523
743532407
254970272
707367079
254970272
61654003
238493875
35312575
302828787
160313583
7692886
757370974
1869225995
45815571
824671119
2281403300
336378202
13166502
7849244
477583555
477583555
209156447
252778497
785244734
492637237
209156447
72352831
67338160
1707557197
899110399
157327152
75140730
76557062
122502159
252518916
57394044
535907777
345523488
535907777
689109162
118739689
136710600
217979454
631777601
689109162
631777601
174242342
28656720
270973659
39162689
586449806
420601386
123584805
405720301
597386148
597386148
45239028
401881212
214030932
406015675
21144217
132921066
25204455
747890260
50011694
137916624
50882192
549297417
520399767
301042485
1445871432
132048424
198849473
159682350
378104468
865072419
39664094
190643895
78546309
503392428
1701943318
28316184
92906004
676017835
78497270
471368805
388475664
201013794
1207886891
92689842
1207886891
258169051
28636008
56043582
50832462
370741622
15620134
898980250
33407021
1488053399
491506215
416268852
56713742
456974791
456974791
416268852
874545222
423064327
24795481
20214590
26755640
783202149
301725115
639225471
379533494
749090306
1252283683
639225471
783202149
783202149
991709601
477534363
2323020527
560585773
580931575
560720402
173012270
1084283909
388375719
388375719
7574659
