383726533
1
7
49
2
72
664652916
758165980
7
374169751
569281685
775827764
0
51
1
1
76
575772164
760726201
5
78
64234090
8
8
8
864109075
81021591
6
2
44
66572479
735004004
6
0
8
75397360
0
63
8
71504601
91042270
7
266876112
603363893
90362855
497041072
7
2
66154377
1
38
340113000
94343588
17
1
1
62424812
77797694
778004476
621953336
0
1
88286931
56
7
59
8
88851920
813025516
7
89366417
5
1
2
7
1
8
579671571
8
898406373
48
7
88378574
84035252
8
1
0
1
8
77
1
0
78999690
1
6
923987868
495882999
65
692155069
45
535609160
723333714
90134711
8
2
7
92509702
48
74
7
53167533
61104857
76940267
32
677698664
1
60
40
7
485504237
8
0
1
82296020
366192343
584373448
8
7
6
8
2
1
28
2
8
1
7
72495917
736143022
65169177
60
69
60
65150768
54165775
67
657302845
99210678
7
83308060
66
720633689
36
483454358
71785684
94740591
2
667723202
645776814
49
477763715
78140323
1
793050405
45
8
78219788
7
87186781
8
82491317
7
1
58
937876148
7
37
1
657620358
1
828841551
1
41
62
535337964
1
66944530
83030460
2
1
8
57737335
582238543
78703802
312301471
1
2
7
571242341
1
40
1
8
78
774394193
2
1
2
757642937
63
48
8
617177926
59
71
538253237
59
2
2
727212461
7
569952335
8
397816313
6
7
5
51
456706220
819948792
0
88
8
8
82030845
824439722
877529266
4
65607732
0
88140557
403489764
399443081
8
58
7
70543187
85488600
376331979
3
7
2
93688379
1
90570769
615146435
0
384653455
617254669
80075728
1
82969575
87129166
94079391
30
1
8
66
6
82159351
86430412
7
605895340
8
599323905
92896306
66134683
837166259
0
8
86718929
67
80622271
566130078
8
64
1
2
0
37
2
88258984
1
754060778
707507496
8
8
66
96123828
6
81913050
67
51
67
19
73866153
78330888
850116403
599807711
94230448
707040249
74
820128753
8
2
0
1
1
8
7
67
8
6
5
709528247
65412804
8
1
8
6
59
757319408
876253225
76118397
669332684
8
3
324940049
92604676
7
60
83846533
8
28
51
8
2
1
8
691497251
2
8
8
72
49
1
784458331
63220800
1
656823361
7
81
57
8
69
76393927
83538961
52
6
42
8
1
79
60
0
1
44
8
62
2
586166014
88978858
1
1
7
50784288
76230366
69999042
785601225
64
925621546
66
56
80800658
62228622
77595654
8
2
547595859
577142168
53
3
5
914603352
82895921
61
6
64534250
2
700694453
2
581386254
89131732
0
34
0
84049698
7
1
41
8
8
38
6
56
62
8
0
708487791
40738678
915375789
71
3
1
60773476
62614876
581015033
651244424
8
2
1
80886415
48
63376444
7
84719106
1
1
2
8
1
774520427
7
58
73
77314472
27
8
557450046
755259722
0
66
67
54241743
45
784278758
43
1
69789673
8
5
8
29
689282019
509344720
654428915
37
49
8
2
502372266
7
0
389028887
40
41
54
81769807
46
665081500
8
51
71020280
96164970
7
2
831870432
80699346
633019572
49
5
759925519
4
572431328
53
75
0
1
1
614799084
81898532
48
77857563
80123770
91195514
1
17
8
520578510
60
7
62
76140564
737622546
49903154
334097153
66
68418098
459884912
1
752734548
5
0
76090102
8
654018825
69016495
91491214
758776937
80407505
1
1
8
1
1
7
60
541503466
8
56
31
95731516
901327104
52
41
8
44
7
663113262
46
752686897
6
7
2
7
7
1
670501564
1
810499029
1
3
7
87819206
806796824
8
8
1
52061628
6
2
81640604
86878707
88024045
8
603376825
7
56
2
201659087
680593884
8
47
797216335
8
627242813
5
1
863429829
519673103
88350327
59
90726302
3
91531405
0
84
2
80285508
54
447103772
6
89219057
8
69632718
84151894
7
58
7
8
82189335
587026320
1
93701554
8
42
889015321
5
38259854
92976464
7
409784976
853712143
1
8
2
1
606332551
46
8
619871721
1
1
73606294
7
505076791
92167328
0
74211300
51
50
2
62751720
45
90105629
2
787442549
2
1
80310483
2
83537659
931997958
8
2
43
8
662220549
53
87606577
92527749
57
8
601211736
72187449
36
5
8
2
1
60
60597898
528697768
51230843
4
8
8
6
370192190
1
60
1
74601790
2
555356027
1
7
1
517203453
5
7
1
61
65
53
1
1
84226011
937792182
77
8
57
2
619408076
8
774498332
732927881
1
1
2
84632486
2
41
7
33
31
1
77
7
32
8
1
774486447
2
788002865
1
7
8
844893351
85840403
5
624061142
66
577023029
1
696388163
93505765
73995848
48
8
419445342
8
74615839
44
89575441
71603220
8
93155978
1
447685591
65310633
5
683159068
739640496
61588807
1
8
1
76509682
62325607
435807086
69
8
8
8
57232288
80079741
740309011
59
75798127
91754028
0
8
727287848
33
0
7
74615971
74868154
6
66834754
54064380
87417432
66
65
597227968
6
1
28
744195569
47240563
8
2
8
42
87289728
61699762
6
0
80971840
8
8
8
1
43
88462343
1
89784922
1
844121223
2
0
8
7
80022449
6
8
4
36
49
35
734016719
50
2
2
1
1
86390851
766391104
0
76
8
82554228
72
31
53201549
2
0
281731459
722270431
617659341
36
2
6
596279085
40
80339355
49041089
8
67289265
8
2
72265478
7
79595870
7
89353646
8
8
60
708177574
8
2
691950518
66725566
0
1
1
39
1
0
8
2
38
52
2
746110759
665967332
48
1
54
803318218
533292194
48
85836477
389393968
73980070
8
2
74604678
87364944
1
785781517
47
30
863833236
1
535680749
6
60568906
770263070
8
6
8
1
8
1
7
77772255
79168996
924940238
7
89983893
77050823
1
43
549188686
6
746811273
85750127
50453598
77693452
39
62258506
2
77616393
58
664035139
8
86017545
1
73484246
2
1
1
1
2
46
4
706907297
8
5
7
1
1
1
1
304312787
8
91546924
8
1
1
59488204
485277926
73436851
7
93057320
1
762717212
500948169
1
559006297
60634257
867908437
1
0
1
1
50
37
835461671
680910010
66
8
683229565
599597856
2
8
1
76639700
1
69
93729547
767929420
54
539149331
548641101
37
568949905
86673766
73404125
8
7
53
8
1
518176713
57
1
2
773593551
8
8
640361750
2
882698048
8
74
898895810
7
75
1
88972008
32
8
41
88863673
8
1
8
2
6
373066293
8
75
6
7
7
78529864
762370529
86448736
82384645
440056035
818988084
706200571
8
1
76
1
6
563518582
1
93408783
450480568
75050819
1
8
7
2
8
2
754258093
71
69
89436706
610552959
0
90727200
53
8
1
407516765
431435335
93444511
1
46
853170135
44
636035736
633834614
6
78
41
7
762664049
814020344
601976887
599840616
58981597
5
196769680
2
1
550212474
6
601260511
585511221
778005726
1
69618360
44
83466865
36
8
1
73
72437754
94833850
790482227
61
6
714576328
2
744355831
6
8
1
2
709059158
5
2
2
600491167
71497066
867698282
8
5
446041062
469312987
807454101
573211214
7
8
717331591
874446358
686006157
85914818
83431148
644366835
822198011
8
70608759
63
36
54
8
61210949
59
604300831
2
702263468
638546821
8
8
780244094
1
78438297
93554962
8
8
6
58
736336207
65422876
700188326
1
1
6
59926867
6
51
65611582
1
75609472
2
7
52
750205245
8
8
68189048
8
8
653985393
82515542
750898159
7
7
7
4
431782386
719639949
6
7
61
1
861346920
1
582874169
67564887
1
2
66067621
2
54
666735766
79959597
667518916
57
53882060
1
7
640132380
8
445175917
81952379
693085699
56
75614960
0
48
768298165
393406598
70169956
70
1
518235554
60359444
48
763745180
6
54
85060526
48
8
711663862
57
7
70957207
562703078
2
93022126
77
8
40495565
829819318
2
6
68
526861586
1
92096892
671184968
61245260
1
43
1
544781926
782649309
674400033
658846640
577190913
70
6
42945687
726071588
82690105
93022682
7
407707414
55
6
0
1
58197913
1
61864958
1
610315482
66
565496500
2
2
730852084
63
79525857
46
40
59
8
4
82531286
95303257
523198784
801137510
50661339
94069494
598511358
7
66
49
22
8
8
661023701
4
7
82
1
7
2
71
53893122
618840434
72811892
84815738
8
7
8
2
7
53
84239224
1
56
8
94637668
921701712
77448360
43
64237388
591211562
917682953
8
1
62
2
59876793
39
637604482
8
896546063
71577346
476609153
92124958
1
526104631
37
70794189
8
8
594574158
36
694952630
809511870
0
568550646
52675808
64
2
6
7
43
51
6
6
1
2
8
63
41
643055497
66
830815036
555707025
8
54
444084583
635964385
7
58
62899114
2
1
64
7
8
66
7
74536506
0
72936417
804641078
44
59
43
8
92822445
83153628
70225934
65
7
537928243
745640580
6
46
2
95249419
1
92950995
553715878
510491968
2
8
6
2
50
2
1
79163725
79853406
41
91250741
77725757
58
1
53384904
822049475
78868751
91451597
82655865
90236890
732785610
36
72
7
8
2
65591739
96049995
49
381228139
53
8
36
48
44
8
48
447699761
485206454
8
8
530948528
2
0
83988989
2
750993661
8
41
8
1
8
426451664
1
78689456
527886480
2
63
2
784419891
799644684
619784619
2
462970560
98890337
1
2
5
47
94950887
3
311868408
1
8
7
380595640
2
437198155
2
52
6
55
0
1
7
34171902
8
44
6
52
1
7
7
915637297
52740881
8
8
8
91138193
56589835
7
1
60
604614931
3
3
8
3
584570370
190801861
8
45
85997938
59
519705685
5
703946201
2
626211722
29
49640917
7
8
3
7
64537140
60
665136523
381542346
1
3
72
624074912
1
54
629357798
772551724
688376045
28686962
1
7
84699155
1
754389067
6
1
1
62
62
8
7
601404545
65355413
77
7
1
33
450976448
453391297
1
7
86235228
73079258
6
47
55
1
55709666
1
79
65
5
0
633276590
59227353
84
65153041
69
40
68610265
827024226
8
96349925
7
8
3
806405115
53
1
517642574
484801554
55
650698993
75829475
5
8
467072539
74817163
72216500
97521266
7
53985157
1
3
1
6
8
63
71
82179673
7
2
89
7
7
815283747
748262464
2
89673460
0
8
45
62
8
77
794613977
7
2
55145947
25
7
63
815097957
8
8
8
92461239
862726812
85863232
432418858
38
8
44
77011365
82104122
2
2
468503343
569066123
2
1
71604705
64263436
65
57
8
1
770141863
1
67490540
6
71875497
7
70476983
57
6
2
520373309
39
7
1
69522749
1
1
84604606
72
65
8
845944802
510067836
71
593612400
5
73269593
707056533
39467978
898018817
8
576913460
1
56
7
8
748689160
8
37
23467410
932268960
79273014
1
59
8
1
94732121
769977545
728457112
877580169
2
57258001
44
6
507170286
785389275
5
470863277
82117186
8
2
82
1
39
599226277
7
1
46
357631426
8
7
829356536
781173980
1
1
72055133
70
38
48
94075215
549601735
77
7
8
91629294
55
53
2
7
49
8
2
1
1
575899944
62399045
1
45963865
0
2
77
52945443
67281286
49
6
63
2
1
642991658
53
8
69750989
50
8
867850233
8
1
8
1
921363965
716197871
40
76524835
1
77096521
8
37
66
63
2
91023122
879957993
77895168
2
5
63
2
97700033
47
1
1
1
2
88
55
63661371
7
40
57
7
8
73
70091574
1
89832181
573829639
676742478
85469449
427634161
527729272
2
93842651
1
93290062
8
5
1
70833997
1
63
53
691354248
83280408
8
3
7
8
51
8
385684485
21
8
89
580746051
47
7
1
7
4
68311672
1
90131668
327380809
46810606
78938256
719502163
7
1
740054751
0
1
7
8
54
677857609
1
609467977
52
557072094
91277400
562648242
2
1
8
1
1
1
24
0
61
754877641
58
7
6
91440823
515262123
71078630
8
8
79728213
563322187
49
7
71493636
819858187
7
1
7
49
429801820
828474285
1
42
27
64
2
70
71560051
3
53929514
77
859930876
83
1
89605486
50
7
791291099
2
8
8
8
7
1
40
7
52
80813491
538480643
44
91188695
2
163775133
8
8
8
1
7
45
7
40
1
49
2
6
86449508
624422273
59202053
2
50
0
8
774616526
6
426751097
84505777
429521529
45
6
1
35
68
67
75
679994422
45
71115720
583961709
55
5
74626775
62352222
2
69108088
84815033
6
86791240
553782383
7
2
1
1
8
2
7
0
70868478
7
412873567
51
81693308
73
44
8
1
75732831
8
1
2
515729571
1
55
85710308
86635686
34
1
65479001
48
8
70807380
60591779
8
87469494
76
1
61780690
0
3
548681625
1
1
415634071
532855200
1
7
675816399
1
849002378
63
7
65
476029973
1
83
7
75056685
83367655
7
68
56298478
7
60
1
7
0
8
1
90266856
909860291
57172809
34
7
86298541
8
78467949
77483401
514349220
53
8
1
1
7
691475485
2
78427833
5
82656543
55
604725279
7
53
7
32
606180675
7
82613394
64
56732243
575981708
24
619699017
35
1
645869325
1
38
8
95391048
47
0
66877024
1
594578810
8
70
1
48563083
2
1
677229849
7
0
70401840
722258516
8
8
1
87221755
51
48
53
37
85
1
5
805448643
1
81485358
63690764
2
82602940
80480651
1
74
923627010
42
87935257
800177942
90432868
8
52
6
1
1
1
0
7
8
6
8
68
867772325
8
6
701613448
78599493
69926940
39
2
71946014
2
2
2
72
190767357
8
642223492
61
1
1
1
56
445995015
1
6
58
6
65
59
762504233
26
86
8
85775321
68
72604346
2
737563820
8
752585372
66
8
7
1
15
5
3
2
69700394
66624287
34
418647141
8
90157771
2
768239915
24
77839059
814831681
62
2
35
78242304
86570234
43
92847268
65
1
87
1
29
60844351
5
2
4
50
96117449
1
500454785
578439867
94150102
8
53464607
93
3
2
61839916
7
808299034
80391731
755623475
72783102
8
7
2
590857813
59
2
6
68
8
2
1
6
2
76692927
2
2
78
3
35
8
70283532
696901218
71083698
0
49
93982198
2
70801594
7
85023736
1
1
53
66
90274402
8
0
85959486
547195438
892382552
86069797
7
52
1
54
7
92870815
447958531
61
7
8
71215769
8
39
479020988
7
77181749
2
1
95386322
66223602
34
71949819
2
7
6
1
58
89928927
39
8
69
8
71728410
8
50
2
7
62223807
75
826611368
97574148
58469047
8
79392308
715605411
852037766
37
48
96847706
571532166
599279201
2
1
87542921
77097572
662898676
3
760533906
388335324
22
82940894
1
2
2
66
1
56
85740254
8
7
74
589209266
77664540
87151193
1
65
86663878
35
2
51
65
2
639352366
2
8
8
45
728323943
6
1
92996322
88850635
62
715061179
53
1
71
60
56058607
72221322
586576428
8
32
416529714
6
75
428927318
749728276
71
8
78042813
1
2
42
8
757239545
43
1
841726028
2
608320822
825952231
1
736861505
64206545
79779637
1
2
42
2
89162432
95828567
66
8
81
2
738694929
391356704
1
56
93562502
8
51
94738218
4
1
54
1
87216929
1
675350953
8
80099146
73
72988855
54925596
48
3
2
44
705370314
8
1
74592525
2
58
55
565497932
1
8
43
793475924
480032653
83610102
73522031
32105726
97254132
30
658699802
79982395
0
647887287
716370808
603224731
51
8
41
86451379
75
71943777
6
41
936185627
74722697
26
0
430718289
6
4
85094928
778449892
68492532
38
7
58
70
7
73009714
798489395
8
79195659
89599994
8
7
8
0
1
8
606585370
44
7
8
57831690
8
595917007
1
8
7
55537546
65
93140790
41
8
70218358
81241132
780703012
598180787
72
1
2
4
85
83
75
32
70
1
94808625
8
7
1
2
41
477570603
713143518
56
74222607
8
36
8
83681530
735852395
73
1
87814570
88974855
934098516
1
90848979
78935772
58
5
8
72211250
467533128
562053161
580937142
2
82347883
4
76010176
7
2
76851638
2
70
2
676817129
2
271626814
8
792778281
753662832
705836880
577546650
81
42
4
78214269
2
94565055
559298791
629376173
64
2
3
98609346
8
49
1
789339343
75648069
81722133
720173661
8
41
62
56
677442336
37
8
8
54
87610791
59
292933297
46
62
55034189
87
71743217
62
53
69855438
3
770409729
1
661942926
0
78982918
41521076
5
609622450
7
1
8
1
7
4
8
2
1
1
6
1
60
46198762
58
50
8
568977905
70849693
1
860015300
2
8
1
61
2
99133103
1
1
61907851
2
54894256
7
1
0
6
8
63
76
69
7
478704384
75775753
1
81109830
43
2
36
6
516768474
1
482134210
754231903
512587997
721013082
21
77989241
94095626
45
1
7
6
505453143
380829066
720079306
2
8
567161100
1
61207412
712217564
2
5
713860050
68
2
85854402
2
2
86080044
8
8
37
57
6
81490830
522607045
560716386
89689573
1
44
3
62
8
465575659
872141342
7
76
7
52
824817735
242079368
70066330
577210251
33
8
82053118
8
1
893147420
2
7
39
1
1
8
412075302
5
50
60156460
81054518
76
60
1
8
0
2
62
40
44
7
511226363
74619871
2
8
75662541
65
8
81694462
2
67098582
72350673
70
91120610
8
646023409
881380875
695310962
1
83
8
583129472
1
619713449
1
1
1
2
2
6
90474394
947093015
7
8
566531998
8
70
81
8
423814208
88597594
511463779
567503326
60
8
26
78238665
6
85187147
633882944
6
68281469
75278369
1
1
44
75883028
3
1
8
8
72
869156997
45
56
2
84172866
585631199
1
58169102
8
7
91988581
83077785
1
64
95464734
83487785
64320243
8
7
63149053
483665703
38
399424195
8
8
72505414
756293051
8
58
45
8
45
1
49039434
592420761
27
1
47
504132422
753945628
39
7
46
7
57827837
0
1
53
40
84029658
28
727493656
808010077
1
573771710
7
6
3
8
8
530826914
63210469
8
1
809868951
1
7
62
63
63
618456458
1
53
2
6
2
1
1
0
712560247
6
8
59575246
1
7
77794205
7
776952129
619190247
2
890413876
8
657839539
91505058
656180548
48202515
60
37572381
66729264
44
60
2
6
8
65
918321146
62
56
73
7
8
80211157
8
1
7
4
2
7
76160349
40
69991944
672467879
42
48
70
829965971
597778565
65
56082024
8
7
76
590306172
1
8
695928418
94363697
21
1
61495944
44
8
39
1
675028031
8
74583403
68
90887576
1
89113000
8
74900035
2
89570539
793168022
55
533110402
1
53
61
29
70193620
75237728
57
54035576
56
59
739117731
81455569
1
79774720
619501067
8
545547316
5
76118787
98
636711368
0
81070613
80
90950062
8
85794033
7
80882853
67
7
7
2
8
7
432405695
59
44
1
57
6
54
573710411
819681075
593078634
62797164
74
7
45
2
63663401
8
81840879
66
64
783296165
70
83768641
7
70701701
1
7
59
49
78
2
81736407
703658500
84515218
76182916
887046080
83389690
604302719
1
68
53
1
1
8
7
48
7
880516572
824864315
1
7
55
55
52
8
0
84282277
33
1
44
8
4
903255323
92302484
1
2
74309560
1
75497132
3
8
7
2
65891484
1
1
6
80
44
7
792611401
2
648283982
1
7
8
8
8
93795455
619728345
70
7
2
53899414
44
70332256
44
88932681
706871950
8
655871178
70
74
8
654316215
583340747
79937170
7
743568374
0
2
543420650
528683096
60
64903061
2
486341484
67967304
56
6
8
2
1
796266825
915784615
58
2
951944593
1
0
88041387
55835153
751920742
631158368
2
69316074
93797132
89924380
982492576
1
66278251
77034203
2
8
49
6
65879935
6
78
8
80243278
65233285
7
1
637061320
35
89379628
3
82986603
33825300
1
717471475
848817578
524797872
445387776
0
7
833302604
64142429
55
3
42
1
476279119
2
84799092
8
8
1
50
2
1
701794675
51
8
63794114
72496965
78464297
40
7
65527486
8
61937984
520907898
78940297
70
44
89444513
2
93176393
39
683344027
1
8
44
5
7
72238253
93588983
52
66939078
7
0
6
8
78700043
669517786
2
42
679382384
511998534
88032280
8
8
86317005
38
1
17
781013591
1
727647351
74246537
649768866
1
705293881
8
8
618915178
60
53
785885270
6
4
1
44
8
583370958
659981945
8
62
91507733
8
662833154
65
98282650
39
84744920
64
8
8
46
1
2
43
62310762
891987667
52
595199497
8
91739099
72
52
8
0
1
2
53
770465114
492745686
8
8
43
52
8
611389075
8
505983661
799999310
1
812022698
7
89665041
76247719
468536655
66387002
1
2
683139402
36
7
97013125
70
6
580369743
876998273
8
46
8
86516864
1
8
59
645810699
8
796110429
45
8
8
59
77598680
88076458
845082287
82638285
46
90680571
8
1
488729203
66
81974657
1
853812760
43506787
63
84132202
81773967
75
46
95208145
76940122
80770021
1
36
8
68
73231472
64
8
619550870
2
2
7
41695349
1
40
70
1
8
677809673
409026275
49
577547233
67
76057301
49
2
7
7
88127452
52809757
0
811163413
1
1
85733516
85163867
4
63
502947037
1
674169802
47
78091981
6
76344251
56
71375002
1
88862531
1
1
93009378
70
2
1
64
823992796
51510104
7
49494658
54
1
75274314
54
7
8
50
73
2
8
69
49
39
2
65
49
39
661189681
41
713595143
1
765329818
49
6
27979072
86867354
830766011
1
1
2
6
5
1
56
612344069
5
77180226
636869201
1
7
1
1
63
3
8
7
2
462188860
594594500
82201062
65
82071157
93155248
37
67941132
81931552
86689822
836648219
8
2
8
483965758
51
40
78
688447867
63
53
61615250
688464713
56
91512857
661718358
8
71535712
4
1
84527478
82476340
54
577464392
3
8
83836716
551236683
33
52
60
75
2
48
8
682413866
61422497
69278362
8
8
80718303
40
2
84576993
70422442
312105187
757223429
1
936249618
515379291
8
799699404
576845878
8
81704607
1
63831972
47
865139519
64163075
65
75376736
84281222
8
65268051
187896292
8
74315790
488645970
72127960
580491423
57
8
36
3
1
87574308
727421658
56540463
792064245
387030913
8
8
2
7
53
7
690982862
751371077
78271186
1
73740237
522192800
8
631182442
531947359
1
8
2
46
8
7
8
897949264
637115216
608485045
7
8
36
0
1
0
8
1
38
1
63
508156740
92085080
721875035
8
252869400
319551544
75575363
1
779120193
0
679850026
59
58
65
882010881
83321535
2
70827392
7
0
7
1
45
88072506
8
8
809156138
1
431673645
602172299
43
836736276
656442676
81052461
1
2
722537975
52137178
3
3
6
1
43
7
2
652776738
552063477
8
28
832340047
325175096
95625006
2
2
87409931
770749347
49
1
51
71943849
7
6
37
72157215
2
7
41
74
511661730
78019703
1
497550667
8
87204664
1
931904368
1
41
366130146
8
47
890315748
55968093
70
1
76217446
41
51
93102263
85665852
644361511
62211543
646503256
78205793
8
666962594
1
1
62687272
7
96
2
87982936
90322073
8
603649795
566126934
575326668
382062083
1
536948800
88298479
7
511180660
67663117
37
82100190
84153081
675085745
585332078
79880494
55
1
82512830
8
47
544211740
8
80229350
716620394
5
2
2
7
1
682491879
55
715940566
669912892
43
61
68543538
1
1
812352406
7
8
495024593
8
729646500
1
83836217
48167062
599927547
1
80917916
78751777
1
639009094
3
81463592
1
7
1
81835275
726935968
569564429
55
53
54
61307487
66984237
62
882819902
41
58
6
1
1
24
1
8
83395856
769971886
66
6
55
8
1
754876001
1
460206049
471221535
814197271
1
78992877
44
8
85718030
34
53
7
93665199
7
8
2
305270905
8
80172240
2
60421816
52
7
601420512
1
81213353
88528407
83005550
95100173
8
8
50891846
668928863
8
1
753563536
72090822
7
50
2
3
7
77210363
84677122
62378652
60375631
479968727
6
1
72445284
1
91476184
8
1
72185729
8
8
590342674
1
64
66
4
79
716015529
1
8
1
8
81463444
8
723560679
6
8
78
38
70481092
61
6
1
60
0
372028864
8
536876018
776121745
57
73
94260436
7
1
7
6
6
4
48
1
2
2
1
39
350516190
61960296
36
52
6
386149873
80364031
7
354200138
61087060
1
66382199
68768617
8
51
2
762590280
8
8
681164007
2
8
631014809
7
5
45
7
8
81566005
53
736502509
2
60
35
6
939716345
53
362197078
8
677171064
576782321
41
8
691359728
2
1
6
1
848482632
7
1
64
41
65336509
539918620
47
2
8
497133943
1
80893266
8
4
8
395654196
6
885572099
7
78802027
1
7
75179621
680084113
60
67295726
8
718074096
7
62
505843542
436323799
1
2
2
814664096
90986835
7
4
91896569
7
1
73171901
62
93317329
54
97599926
75109234
8
67
367682161
7
71316387
60446062
1
1
25
412157639
55
7
6
78764087
623399507
47
2
2
757197503
539756386
48
747775430
7
7
75
94241511
2
1
86707741
1
41
73260433
53
719284706
781761195
2
8
91385407
8
65
1
2
2
53
658380471
684915459
1
840508446
703748844
50
1
87076944
462264278
38203953
96563847
77130771
47
1
57
8
98056874
2
713429704
72
596754563
78880306
55
60335593
72
83565152
81313745
1
79178663
506829875
52
1
1
935379168
6
8
1
82556383
8
48
6
78056489
73435260
387085715
74746050
8
8
8
46
56676960
7
1
88481944
2
383394584
7
782658881
79693897
63061191
1
1
1
1
781267904
6
669216151
4
81
84574806
79
82557366
93942826
820309270
2
1
502283628
2
72888510
77759581
58
60218249
7
90964932
643207289
38
75
38
36
46
38
78972722
87767605
678522371
2
46
1
79207865
36
548298384
753793982
69822738
64604794
2
8
6
2
1
84530155
694628008
350567430
685457103
8
1
82696796
56
2
36
811669291
50
416394973
8
82884210
1
8
8
7
1
59
60
2
2
66
50
3
442003509
1
820447370
8
6
6
606092599
46088652
2
71
1
8
786434088
1
535208513
54
80580060
847170113
45
2
5
58
72
1
1
8
5
5
2
48
44244550
3
62
5
87238988
80
7
1
501306284
63
46
6
8
8
8
45
64323472
2
3
0
706191086
3
49
73986693
1
6
79724893
445093798
45
46
74318666
49153331
63
59058213
90538483
678829463
23
2
780587842
637390438
66458096
1
52
883036705
559022003
2
8
2
7
645737733
2
7
7
1
1
614103228
39
2
667684230
63
46
55
7
7
783243152
80376104
61
1
787353670
1
53
794481256
7
437173285
70
57193167
736344147
675761657
1
67
1
73801235
685868097
7
827828534
70378595
552348567
6
2
1
88450153
1
92674975
475753133
1
97077378
2
724150049
1
56
66
57
8
357239850
756382950
84174949
4
56
1
1
600553581
8
56
70045712
8
5
84839428
840252419
67
671304258
77441067
440039728
8
512410459
798335441
513422817
63
2
1
2
95134467
631768266
45
1
8
715644747
916860807
58
64122041
38
6
8
1
55
78
8
50
2
6
58
882773680
895818958
599118820
548489730
6
1
7
54172417
63324537
744889448
0
455385031
60880652
56
62
85785686
631522116
496594561
809082187
471887560
97046490
8
435815184
7
65
7
58
8
588749229
79
84360641
61710644
734673527
82520950
30
509631591
8
7
49
7
48
60258706
69365527
50
735144177
623427273
2
57148347
24
30
62
48
48
858740369
39
8
86698313
94290968
78559224
1
818743756
1
73187067
802784154
1
76905389
8
88515619
8
77
8
31
698938450
8
30
8
1
1
1
3
883071136
540858249
52
63
64621096
627093738
8
8
40
68235827
7
53
7
1
7
79
708161293
97101831
2
90698076
1
66453676
37
70
51
71159647
62
774925311
0
7
1
744554594
8
2
57
2
88438922
53743359
2
37
68
363222541
1
1
68
614478213
7
1
56
56
41
39
52769671
66
8
62
2
713463697
1
1
7
59075856
0
0
87860469
77828161
8
59
8
69746648
7
6
61
1
52
7
67108062
680928723
2
849900505
2
1
93921767
40840115
30
8
68456757
29
432841941
728096310
1
45
6
68
48
2
459524535
8
7
65349514
721203262
497842875
39
83662177
350254554
75396995
715718050
1
1
50
83491597
558779642
85221338
8
78105543
82
55
90258554
8
8
8
717449849
55
39
45
661447423
2
2
1
54
3
2
90931290
7
1
70575077
0
780252554
43
883381907
51
1
3
61
68582808
70612542
52538345
6
78993550
1
8
2
63363890
83291537
8
8
653454400
533544687
7
847590547
1
51
7
1
44
7
1
835488487
63137158
59
61
2
80335781
69
557218212
7
53
80585851
0
42
484478743
562308469
624918203
1
84063527
98863522
65
78
1
872445244
364268204
2
82850315
1
8
8
600646959
0
7
808277033
73
727841830
30
56936022
38
462809498
7
53
902239520
8
1
71613972
1
0
64805862
1
589032407
253366736
810762419
48
49
7
80910438
1
84032490
65931096
7
3
507334535
1
7
1
633144901
781902873
8
17
2
87137751
1
249258240
682858470
7
4
719260530
69658401
67
56
76619835
2
27
46732389
67
579424078
45
49
38858942
1
8
3
76044387
2
849129605
51
69971691
81136293
5
526564261
48
85193532
7
8
47856592
65
96234129
2
8
694025225
1
0
69
51
38
57
2
52
0
470536773
58635414
5
51
2
1
2
7
43
55
821485170
500520192
83
1
6
78
7
1
67
1
8
1
8
449938894
7
2
79853871
71998873
1
870946563
8
57
1
8
2
89684510
8
58
63
31
719720069
1
2
655843031
1
653734732
77656181
863936173
8
722028004
71677238
1
62300330
4
98129376
808139292
920645349
61649544
32
32545622
66335357
8
8
839589935
513769551
7
804359369
1
416332307
5
76558833
91649089
5
7
79454480
57
665555359
61107723
8
71
3
513025589
1
50
417787685
56
66
606355683
635198590
73
72872687
72370882
70
92509491
35
63
582079312
84949850
61
82197273
1
0
56
8
2
603004557
8
7
60
77332009
8
6
1
3
1
535592846
7
1
647903523
5
62
7
733030661
695270360
2
713832597
0
8
59848050
624685213
696494289
2
1
45
835330527
72672956
708370681
7
3
7
53
50
80475254
58
8
0
364691511
8
1
87083849
1
79760545
41
5
26
801355184
1
87720219
35
1
1
641221234
7
68
1
1
7
472454893
8
689202008
737240035
86636509
44
82611309
64277856
50
2
8
50
7
8
8
70
61029490
327780531
8
601888810
1
60740344
49
8
1
81473302
2
47425972
4
61
1
67
36
61
628423325
1
2
0
56
701092890
51799619
576078998
83579625
38
1
8
82636836
1
59726714
1
92799975
6
8
1
2
565920760
41
273851617
83636574
417142448
78139329
2
6
552468172
1
88851530
31
32
2
642349824
1
97135801
1
65
6
8
423013772
90533902
59
89309428
8
83899708
696519293
8
60
893688896
81010100
537433693
8
1
8
59
71152214
8
7
8
40606220
2
710857724
82607310
2
8
56232740
955548182
2
0
593265896
8
53
8
90211413
93902323
1
78357806
80897733
7
8
2
91159091
7
59461894
73317456
51905930
687848225
466850256
666790543
54
67484165
7
7
65800595
8
0
1
70112940
0
8
90730914
698396009
33
403819661
39
48
1
8
6
696702464
816609121
1
74
1
34
517324150
7
463174062
74862021
8
87385397
1
53
2
2
908666400
2
561598305
88964877
886343780
1
8
80309058
3
7
7
53
781428429
8
74470919
75822749
2
6
8
62
762189111
664549864
1
19
1
529587260
6
55
58200346
1
8
78097670
67
1
63117946
68
59
0
376150922
49
49090993
6
678724484
830452002
807597361
1
55
7
8
643640853
65
66
898767678
43
8
76779826
7
525327339
7
1
657352405
33
41881189
56347807
1
2
40
2
8
81884035
33
8
901379993
49
3
1
31
1
622579118
759364090
0
47
62
8
93905884
70
75782259
57889724
83378736
799016295
72
2
0
625365472
0
60447019
6
2
654450027
57
2
67537067
743308936
49718335
91353879
305212271
7
59
84578045
31
8
87911532
8
81280708
88625496
1
7
33
8
557873376
59
55
743161403
2
1
83645562
86392643
1
7
57686131
460020941
7
76038068
65061321
633017156
446791123
2
675094710
1
7
93285574
394284297
8
39060237
618987833
76
8
4
2
63271638
66
537012065
391772682
48
2
78116482
7
3
802393387
47633214
76434697
651321450
68
66
58
8
1
8
8
43
724504718
836649283
795567516
761840808
7
543950701
76563555
2
8
6
21
26
3
1
88045255
77594567
7
2
8
650504731
6
866871390
1
94241186
90420319
50
0
89149824
89092316
723555385
1
7
1
2
36
739566315
8
49
4
39
1
52
390185276
7
84742663
40
92073444
31
1
0
1
80256635
781034038
77
7
41
1
86918833
98889437
43
576788765
74
72774580
7
54363665
3
1
8
8
778829739
72892648
7
872974028
65
75185940
86737520
85262638
1
640974872
57645919
66486337
360392328
1
6
0
8
6
472801338
68
64
27
2
80451345
54
505722534
1
7
0
8
34
55
85503023
8
48135924
966150456
1
89818037
457749562
657349597
50
61
2
47
2
56
8
86713586
385117116
2
2
649786387
3
65012449
1
574094864
55
1
49
539899738
65
644083993
1
84855994
0
8
604408500
8
586280349
1
8
2
57
601066021
443137363
6
1
2
3
7
52
8
1
1
51
1
1
8
8
7
7
645149813
44
8
7
5
719927207
2
56
84
8
58254673
60
1
8
1
7
680219337
8
8
559879120
648420320
385852311
37
66
63
7
546986967
6
44
559089491
1
53
598195456
90149359
778456951
68
592753751
39
807095313
2
46
54196699
68713217
1
1
7
70584274
72735549
72747469
82339940
767162591
69
8
62676162
564314207
1
38
7
65
7
86183969
53
63849539
53
8
608984163
623902176
1
56
39
700502271
1
461904959
47
49
654882520
1
1
6
7
65
62
4
2
806788233
8
56958668
8
632393033
86474004
943903243
377920078
56
6
68
73220692
58239414
60
627421417
633585356
32
1
4
33
8
76
81371803
871831454
531146476
8
76448429
1
8
7
62
88626289
3
402616379
6
81624174
2
7
37
63875402
48
69272680
56
1
37013511
78
8
463544855
2
1
232420102
8
484748941
7
62928365
8
7
62
7
662739925
2
7
51
1
85875128
0
627642003
1
2
33
7
61
1
8
8
7
82
59579417
88181262
712681911
1
605951698
67
19
85753747
2
3
733187550
67
1
606652314
460848723
2
7
55
51
8
0
8
552325964
799403482
55
826466558
87846325
83674712
29
54
72951591
6
47
79707111
78
6
42
756838725
534606160
52088915
8
7
7
2
90613010
439231992
53129724
50
2
1
7
2
62134450
50
8
42
8
2
8
1
8
7
69
8
2
47
7
952773608
77953695
6
49570342
32
74740296
876552473
1
69
63
534081994
86470785
497734747
8
1
8
706469319
615333858
7
85657240
31
706609549
56
5
498959019
658911410
8
1
82120500
504321937
3
71
81780393
53
65
59749033
866777977
8
63
718198573
1
35
90503656
771206002
50718932
69277986
670049606
2
8
7
45
51
784590097
1
81175850
72
43
861261788
1
0
1
73
49
74658446
53833557
784184433
2
8
2
6
64847080
2
8
49
2
1
54
579274915
1
656398405
668983883
40944519
73
8
58
56
27
3
96800271
8
8
606806002
8
7
84753896
78858024
2
1
0
1
8
843268881
8
98506138
8
8
8
455284971
839284917
1
7
35
97631552
8
1
437880474
57
8
6
7
6
1
7
2
1
65
57811240
86
67991268
75728651
67
6
85111775
78875860
68850948
744320834
66
717138441
76268767
476907225
670757460
8
581067637
1
8
82465093
53
809381800
62
71413521
76673774
569298952
2
74398231
89580779
87899326
1
1
65395660
57
380585607
93202162
8
78974645
7
553283988
857274048
796292470
82935138
90224987
6
482759819
51
46
78223128
521096514
2
2
0
88756780
78579197
6
1
67612906
8
660433258
48
2
77907323
613550168
6
8
72
8
1
61
2
663620509
746158390
38
2
7
2
583093569
93672071
887223502
699930462
892135639
6
7
36
91071343
84287789
79921136
48
843250611
53
458500535
560799998
6
85164938
5
47
53829581
1
2
8
865643896
8
2
8
630679874
91945853
8
593082630
496559667
58214054
7
90229392
338269825
66748092
62
1
49
80875780
779160543
6
8
51
63
732847524
8
7
81291750
8
34
7
51
44
79506357
67
61014458
493645905
79259655
93388998
94006588
0
67
33
1
73000866
623647088
1
2
1
88446610
656693094
1
892955081
44
2
76053181
735423104
94584486
8
89
2
70949663
34
39
855657781
554164135
7
404969858
47
1
53
490967501
455673830
2
0
574928408
8
636366688
66
73
48
54421996
86720179
6
8
25
8
76179530
710944611
38
47
800770676
385784241
94582529
63
838310616
70986887
56129763
74592291
95108525
8
59
1
2
86194764
674871707
85971445
7
2
2
50
8
1
38
66223855
832655192
592259081
599093741
7
7
65
49
8
64
563854659
0
472414519
63586081
1
56
68
8
580868962
2
87270938
89117844
45
614620448
1
69512556
8
8
63
88371163
47
469697853
62
35
69832925
38
73213714
567206596
707848604
1
2
48
6
76452324
0
85203648
635902559
50
78919281
6
39
6
783035651
781351057
87232329
89562850
8
56
53012259
514087561
777469968
60
61
69
2
2
69
368330625
67
8
7
1
761025014
73374528
3
80696349
62176641
1
78115133
806539662
44166435
76
61
84353147
71
79799266
801963420
51355184
1
2
723265905
1
70656116
707022602
73685692
75213065
41
8
84
7
71
1
751140955
26
54
8
49
6
89843729
73605517
7
2
5
1
801209784
492759700
3
602827027
65
8
8
79508281
701932351
8
0
2
2
3
2
687752945
1
955057895
660515493
68578959
7
60
681943063
2
7
95787443
3
90122092
2
0
2
62200425
7
1
83760129
706672715
57
580432086
54
2
2
907140538
782180429
704580069
87173826
837365703
82
570482934
1
8
606791473
0
8
877978527
909003234
68
85707968
7
66654604
44
502579320
91686019
7
47
483458947
8
2
698466973
90357109
7
2
57
7
0
477956930
7
6
65
1
2
1
1
2
2
6
8
79321900
8
0
720165440
1
859931567
692076733
8
90191291
8
82928907
65
538219927
775080620
7
1
8
1
77392190
1
449681075
1
44
2
7
755566871
1
58578655
8
4
44
85496263
25
89194122
76832047
93337547
734346546
64379623
1
57
864259857
607398685
8
1
6
60
699852733
6
42
608739578
2
8
48
2
49
609754356
41
46
1
7
7
1
40
3
8
83
1
6
2
91486698
698972644
69667317
7
81074599
6
8
2
49333476
1
696562826
6
93235890
536254884
1
667322499
67
0
768687204
86707252
74804213
744768531
8
1
8
1
7
69077366
69159269
48
1
78
8
1
8
790714842
6
70
473490743
65
61
8
67
87970333
6
8
6
8
597238667
67703235
7
545677154
79946630
500872711
90730738
47
92955721
309187228
0
57
8
8
644409354
7
2
609985331
8
711793799
1
430067449
679501223
8
84777270
8
87
2
80417500
86389200
77654654
7
1
66586746
1
65414522
2
7
69492967
540794823
2
746954116
8
71
77123618
69
39
660150663
75549551
425543739
74980814
8
3
81632095
36
67
76707092
1
94395617
2
1
88462888
8
67
57
95452795
619151399
7
8
673879671
773353221
8
1
8
51
1
633452593
1
878795795
92254663
1
635686019
1
8
370227940
691807345
1
463093970
7
7
7
2
8
7
89510090
66
63302205
640460675
30
0
59019548
59
39
60
80221338
84141457
77278696
7
53782263
444105605
4
8
67973642
8
1
893015662
44
1
78740291
8
352808837
88662233
68
3
8
73
43
813649194
83279910
3
1
59417516
67
0
72947049
835575220
37
58
1
79492578
65549609
0
1
673457777
785912247
71
25
7
939715195
71
82743582
33
59
8
870453452
1
79
1
1
86477413
746809202
0
8
44109119
2
44
96182677
885440171
2
81980172
69984116
588232617
650126827
85
8
2
7
73939350
1
94119060
839024547
39
78
1
773119147
521430226
46
92261662
5
70686469
88805334
1
8
598081730
80663334
8
714970127
637334713
0
1
85451613
7
90291526
516601461
92686222
72864860
608039641
2
581522277
82158670
80
75
69
80082496
62416133
659573318
70837452
8
27
4
8
64
46
67
54742096
571370448
3
723845124
3
8
14
8
31
69333805
58
64030813
74
1
574619643
5
0
77007831
7
58
1
604326457
47
561119634
46
61
71608464
60360402
70612775
7
665982572
46
8
74383613
78
71
88479804
1
3
50
7
8
7
918338650
612594713
1
837486773
776071383
8
48576009
1
1
56822769
65
67
7
87497932
6
8
59
1
2
69173626
69
49
512360150
1
2
88739345
652974284
798949728
477740254
57907829
42
93247051
1
564072019
2
7
2
1
95877158
40
609956689
87
1
583691572
47
79
57775490
350188516
7
8
8
8
78583603
7
0
47
7
88666757
7
54
630588502
475416211
91829488
8
57
81972467
43
1
88826578
69912240
8
64
55
46
498027140
732891347
2
693056870
6
841077570
78574367
68052082
47
28
64
2
716621721
250549262
8
1
57
1
58
63
57
80899012
24
2
61
76268463
2
54
48
69213704
826348670
92433870
87222306
69
8
7
8
39
78142815
48
41
81643353
701758909
1
1
89253723
5
69
6
57020267
52
76292297
8
63
2
65
0
61
594723592
767411146
754410799
1
0
824329939
464708181
1
3
8
28
7
1
44
835918700
461453496
2
511299990
64
496403666
8
50
51
50
8
0
7
875954213
75567126
1
510598418
624092896
575845635
703866870
86890472
8
1
8
68089954
670681465
434497015
5
6
71
56
40
6
38
75227377
85553639
62
46
829777651
42
54
75176171
7
58601092
5
1
56
39
7
55
433406739
7
8
65
633256289
87091100
685714914
1
8
703353742
6
664723148
709016879
62
8
45
1
75245755
319391475
59
89313328
8
88301748
4
765922916
63
7
8
81409327
71690860
1
8
8
44
60609718
2
8
87658791
1
764388316
59
509477764
57
7
1
6
2
50
30167484
7
0
2
648119687
1
8
67207095
443370725
55
7
90471883
95063561
779433281
1
403727509
71
82192464
651365626
602775774
70160208
572516902
42
6
60
751713901
811074290
776971239
90959655
81139580
93040759
7
54
8
702559058
47
1
1
6
78472042
45
679379664
56
27
0
1
1
27
502947468
7
2
2
72
6
93798720
1
81438282
8
6
77817570
2
1
8
97977639
85575213
769483856
75694725
51
613642536
78706916
1
80286887
85670584
2
467730252
80
70
2
74341566
310737263
657538327
575862134
62667652
1
559240174
1
7
8
85463770
643669923
91250577
71
7
88998370
53279182
2
65022491
562262103
8
46
2
1
7
743742971
761589611
1
8
628763875
702462156
57
64
2
665836483
6
2
92226236
39
673579555
1
61
1
87840908
53
92
50
77
7
7
902998512
1
71
2
438841638
82586506
714283405
40
394918852
7
737573248
526633130
1
1
50
41
577374901
67
40
56687791
2
7
794698083
53
8
53
7
76
78242600
592202175
74290600
7
871847082
8
53
563142934
8
49
661375763
8
58
929410660
723580741
66768655
59
48
1
438640534
56
6
74
0
5
680119036
57
0
66938223
73926730
4
7
41
77
6
68
7
8
396300982
831089179
8
69145429
6
1
75835475
638379802
2
8
533347671
8
0
51
7
496974990
2
49
81941506
8
61
93108758
8
6
8
7
8
1
809278688
47945473
2
1
52
562418613
8
57
72578903
432685684
1
479922231
96612996
650083801
67028812
709503113
70
74
5
72125057
767580755
78425216
62
0
8
70
471551510
80
49173811
55
6
2
44
552263026
73652924
609826366
54
1
82282061
40
56
7
61
66552077
1
8
75819812
44105102
722014434
710132908
527020195
35
448566681
96843056
67976033
2
8
1
2
63589280
72798702
32
1
92645108
64
2
1
6
853076207
60
64557936
2
88873528
74113040
5
1
37
1
83569288
47
848300338
1
53
84744568
85262848
81154520
47
1
2
87326416
53
4
8
739277439
1
769566655
63
428124893
77466659
574638096
40
7
1
7
7
1
873454882
735521977
7
6
913069259
1
50
8
6
819184785
73246064
40
45
58
670508254
8
892482562
75141228
806564206
420640638
7
68791667
534858263
91995395
599094953
49
59703685
50
76519764
65745935
81407054
5
5
67962255
1
610462654
81025426
63
63752234
63029313
36
8
80
58081543
56
95636442
863730101
28976699
91199411
2
7
79115860
2
1
79924262
8
80410278
1
905632095
67
68
97385333
65451036
70
36
7
5
58
1
1
823497388
1
1
56
8
2
613384677
52
94404406
47
7
82115783
58
65377692
1
819579812
76650760
52
85753572
468834886
67176759
56358440
96501938
42514751
1
73905272
8
96560419
6
92591839
7
53
87679662
0
1
592502466
91
88352018
539225611
52
74411685
67
597701451
90325319
1
71078214
63
68
69
8
2
68876492
0
8
456997954
30
2
7
1
8
722430446
47
81160808
5
838203154
65241744
2
816051997
8
502430973
895057855
73332174
415769817
2
66
77997575
93464354
729347792
3
51
54
7
67236096
61
7
711751981
5
765265852
488472432
466686082
1
3
41704720
93291626
8
8
7
5
48
1
84849768
1
7
6
770338803
485050636
8
720954647
64
73
67
8
1
8
46
478872215
78578290
5
6
700013089
2
50
96025668
8
35
8
43846964
1
3
76802547
4
2
1
8
78024366
90902576
427149238
1
8
92694832
37
48
53
8
7
38
1
1
776300753
8
393053718
639864865
70856694
513870881
54
75983795
827682389
8
31
64911608
43
45
1
2
35
88975084
2
8
1
57
79651704
3
687550755
1
87878909
599594343
57015751
7
739444273
762117330
58
81948551
56
6
63
8
38
7
75394158
0
65245654
85833280
54
8
755971061
2
1
60
76679894
72671989
49
1
75
55
83
1
95303287
64664329
48
45
7
8
1
32
53
69298890
87359294
2
783238593
660120664
76817754
1
8
7
90747821
83701611
51
1
36
6
7
95919556
73191192
77345948
42
2
28
44
8
1
835852831
8
17
851893985
2
8
56
5
7
72560622
38
55462629
701051285
1
569404909
97142602
1
80679324
7
6
850197949
8
63
579490737
57
589575756
69
70886380
680992390
629720976
0
8
1
1
724218034
547947277
81701698
1
8
47
68
41
227910486
2
68336546
7
63896184
8
1
743699959
730849885
8
37
5
2
82712220
8
565338052
74715397
57
35
8
8
7
7
7
80218079
2
817469164
0
847203002
503005898
760385348
80934678
8
45
80746700
51
878207368
744776460
8
653217064
2
93753250
2
721506955
2
751162037
1
1
466712350
39
1
590807751
693329785
67
1
7
91572443
707406442
787123196
2
685187845
721866931
596801325
8
0
643244070
50306239
8
6
567154612
542181738
35
781616352
693565801
2
8
7
8
1
6
81152116
1
760560342
2
77
91673803
706699661
2
690286238
32
41
679248204
75
84
8
5
2
7
97891780
7
46
78172511
62811581
60149148
68211089
51297760
78
59175557
738651735
6
6
58103009
1
97613558
86034108
2
60
0
78
2
792574658
72738254
86647069
57
612396212
58
46
8
8
83102948
1
8
1
53
68
89806030
70555814
3
63
7
3
545541651
80945317
73
2
642820820
50
55
750652182
84666459
52
7
7
64
7
2
93663784
1
8
43
8
0
492155618
1
70612570
65
2
48
83719786
571275624
82753413
8
700243028
87003438
92201064
577793895
8
50
6
2
2
576641929
769541589
1
1
63
8
417887261
1
321123140
74713101
2
466856361
2
0
1
8
53
59
2
92403283
6
280400407
7
2
8
797305587
88476897
1
1
7
47
66
2
65574165
718069288
7
8
43
7
2
752249412
45644812
2
7
61
1
8
1
8
82580982
5
396293998
498983747
723665161
0
636212946
53
69
59
817734772
34
849330113
5
545425753
1
573048850
84
79
78
1
0
687155109
76709579
1
92238419
8
75950207
2
55
46
78119465
1
1
742395433
71686130
631840165
47
919944429
739819349
606884580
665307965
73
1
441512623
6
74
81314288
58
74414983
631734517
2
564933052
74
55891792
5
779252339
66
78537337
64
7
2
48
683565092
7
807438608
839867846
98081985
63
75262362
580841971
48
2
1
71
63603237
64424055
68
6
7
45
571969365
519611335
6
57
48
49261468
2
58
93239728
2
8
39
97769699
59
71347454
8
2
41
56274972
42367667
643837885
39
773568680
72806298
6
1
7
62
8
8
1
2
74454610
704172639
59
570273646
8
54
8
583555037
58009736
75860499
63
59
5
76026925
7
2
52
903505524
657954583
2
7
1
2
8
1
886463258
4
61
83641434
1
77039300
4
652773154
8
61848629
545112547
78600189
6
505352092
7
1
941101486
1
59369303
1
494044154
2
44
58
90069758
630633593
84950691
0
8
8
72784926
53
2
52
60
59
579398033
1
654938916
66
602028822
7
25
59211817
58865181
80270125
1
2
38
88509885
8
50
0
8
95633481
7
8
564365836
76
325960971
60
42
399516486
641596465
80467715
49987827
61
6
774276574
7
86335178
84905920
370357720
63610125
8
75094451
70417751
8
1
2
573333168
1
57
1
40
2
5
62
2
7
550963490
8
847543382
775968104
31
496460535
1
41
607763333
66184630
53
8
44
7
3
742893654
81085525
48
52
75629493
75204525
8
8
94768059
655951085
7
6
398068176
1
44267601
42
735698852
858109968
84984765
72377261
6
83892925
59428773
1
77927834
1
8
6
7
44
7
1
6
738194074
8
67941919
2
7
6
75149393
2
7
0
60
6
757881316
93674478
64
53
51538843
8
51
1
817492627
1
55
71341912
1
8
80521852
62072427
1
70309182
46
723477942
42
847597850
7
8
2
837343954
58753918
604923984
620442391
56
1
79
72320569
8
695052318
891398991
1
1
704568513
767906245
7
81204655
1
59
572515690
59
87621493
30
1
79628781
1
1
1
83
1
473628323
8
7
43
98126635
727805549
61528888
722751681
8
430923704
1
75898923
64
1
520086667
75541072
1
83735813
82824630
64993423
47093298
1
1
1
475121858
2
2
77
699887340
1
655843452
690178294
76
1
59
1
89478956
77
6
74977056
65
1
99536315
0
88982001
2
643743902
2
2
46
7
8
33
8
79413527
46
33
888866131
2
8
7
81302471
96243343
63
1
8
8
60200043
41
49
8
8
2
1
1
7
87377934
61781199
2
78270546
0
5
7
38
672232600
6
79163456
58
87575900
75255695
805070008
0
767131252
447778777
606623647
520020545
685705431
1
867361882
2
53
1
7
569618248
1
53
900966017
7
3
4
47729035
720797226
417039886
924947037
94888751
7
66
672038784
6
509537140
81037658
47
73
8
1
85994388
46
89774978
65
1
79
89037817
0
7
411938754
54
81314767
7
71
1
68
6
1
2
7
656764369
36
547288714
445342285
2
8
780377557
55
67
48
837300871
505167062
78
5
814066728
77622619
41
70415098
53
3
4
2
737573677
1
627121904
768712216
7
77096403
648135192
49
8
854953278
8
8
1
612288917
868122533
8
7
2
526367448
596654503
78965739
86531450
47
8
58955215
97195700
86005975
770640076
2
82174201
76272973
1
1
1
36
680554117
85217873
84503594
1
8
354467289
654782558
718439534
633899004
7
71
567937900
2
7
88954290
44
565460000
44
353289518
33
89548021
61284316
44438965
2
81979264
73096920
385560487
70
69673610
42
336923536
43
824626336
7
2
64
56641596
82029552
705769869
351466339
85876262
693825328
8
55
775344244
8
87519716
87924568
7
8
637783574
1
2
61
96047046
7
6
2
69039735
31
84040773
40
80856044
66835422
0
8
43
6
8
647151158
59
455963845
4
699815418
580902796
44
3
48
8
702108594
57
82565571
50
314866845
55
2
8
68
2
2
68
56031232
92038672
1
889749033
6
611189922
1
87184443
78
1
69027009
0
1
517607682
88750638
7
8
56
648307313
7
7
54
2
310820585
853154399
763328103
813091200
403150643
87647812
618773941
7
620490685
700328464
5
61
705318225
7
50
629209581
91615275
8
57
1
1
444808047
7
757062967
60791155
68847909
744204535
29
1
546944182
556575378
65
8
8
62
8
8
818761494
64433870
61797598
5
57646274
1
0
65
864069778
74186708
8
466155751
53
69312838
1
60069370
618413129
36
1
50
7
8
5
0
760195470
8
61707913
87762962
75144063
4
72855983
7
1
93968340
1
59660605
547217850
81506692
1
562121676
84
1
2
8
584964771
89510698
7
80946809
46
816397655
8
90921155
8
62
58
70
1
51107285
415662770
62
7
7
0
4
801184165
663205185
85932469
88891474
51
79006673
0
8
50
93837793
7
381688513
8
41
41
53
8
84395788
224015390
1
49
7
788061701
1
79172522
7
1
77824279
8
1
39
7
71355635
1
3
80925021
6
653069829
63
71605583
1
7
7
6
1
51
2
61
1
7
8
1
72
864405530
629600492
2
8
8
62
42
48
819424990
66
7
2
94407951
55
440616583
60
588767027
70
33
2
69336506
530543003
432338133
56
57
594821242
65
57
86393674
3
1
73671288
61790337
1
62
779649418
610771412
765176862
64907201
1
6
8
1
640273577
913092631
1
55
32
37
1
8
8
1
7
810490891
8
57
2
749381294
1
8
46
2
71402285
1
89704497
69219151
41
46
66
8
52
682725509
47
7
8
8
97457192
63816685
504545600
0
8
840538074
7
0
54984335
3
705174936
8
2
6
8
678967868
62070013
615111966
7
52
752292942
92535767
70964443
2
1
8
59
0
1
52
697248745
762081230
1
1
462762672
61588689
8
8
8
6
1
54
7
8
884092595
470937137
394718679
7
38
47
3
91588989
0
403211063
49
58
701206024
45
6
691653405
2
42
93459246
51
2
6
757289681
57
31
75715800
71086773
1
8
751343692
1
7
376848291
8
631476786
8
576682223
8
45
6
765681515
94549156
2
86835042
889791046
75710569
3
1
804961907
1
8
1
54
7
50
6
7
8
32
8
756162580
2
0
62237797
585408646
50
38
689451816
700412318
752194727
6
1
853575724
32
91837599
8
2
69
57
1
79844736
7
52
723745853
7
1
684812870
66495687
753551597
76256484
7
849834576
8
1
2
7
475924708
55
871121170
712869352
71498786
843563702
8
454976095
5
8
1
766240751
79496995
397304253
764980584
69
947741233
1
584134467
8
67
36
81040839
64
1
58016772
8
746359392
7
72072915
672953793
647463149
3
0
83864449
549684366
68
80103815
92064364
488127837
92893441
2
82770305
81811212
56
2
1
56
1
482633329
2
93888693
7
87012944
32
1
8
1
708822822
75012622
7
6
1
94770445
62113302
8
0
605678804
493205861
425166347
2
514592645
669788773
8
721509515
483852195
85103786
2
1
1
41
547093780
7
725893539
86634584
81397032
62805828
71917930
2
1
1
2
840454787
693018852
55
88662652
2
1
505294950
92850034
90127386
7
821170405
87774532
821354654
458146089
36
1
1
67
2
80172266
74586948
1
78134128
2
8
61
53
6
88696779
1
1
5
67
1
8
67378482
66
1
696756083
40
1
69004777
79537574
8
41
89915109
3
74974543
54
2
67252338
1
2
85704956
61386464
72972653
45
72
667787082
8
39
90454022
6
7
902431186
78923195
479640922
755991861
33
8
65648063
92835341
640835905
722753352
62
2
43130117
43
866781718
33
7
531966435
710824265
2
42
40
817178826
8
1
7
63882456
79884450
53
53
7
64
70515573
1
1
72365371
696718769
72
2
8
640681490
2
8
8
60
7
79
69
1
59
1
93547450
1
53
804010994
835104865
59
163868192
5
7
7
73
5
46
53
85902985
7
1
8
80391033
86647859
2
31
1
69
78
635409061
8
44068487
51
743976398
8
663139989
88784141
1
2
384668089
8
72596356
69
71803645
735125628
946287762
418181488
702814917
1
6
47
50
8
628241639
8
6
47426447
1
8
35
2
85380172
1
1
95171358
482998026
60
883720940
8
8
760057846
1
78779814
1
49
7
1
4
81695886
679082188
492839552
8
7
7
8
80653368
70896457
2
1
55
1
95910450
6
1
7
85365068
8
67
71
758577210
43
51154334
70616653
8
93907927
32
49192658
621390658
94636994
8
46
729541021
8
7
658643640
64994135
43
60602838
7
53
1
29
602438416
38
1
6
5
1
97075953
393879453
44
2
8
8
0
1
591264969
76696653
74769983
54
44
0
770301495
8
637076993
65273570
74068555
8
899864310
85517836
1
3
8
71
1
37649508
94588773
8
70954846
89786771
65617808
85573322
80565346
7
8
6
41
8
634212426
71404954
586460376
8
78331416
1
880934478
1
47
74
8
6
7
44
5
52787269
80315901
8
92044418
82212493
792093033
47
7
50
81128499
7
391790360
58
3
8
7
73
705492526
72848224
6
1
599611944
775814490
42
2
704255207
506298741
80536627
8
37
1
61560894
34
8
7
77905216
69400309
83649362
47
61
82433082
3
81023269
2
46
717769948
85676397
1
34
22
77
739107237
66303421
55
500348680
8
73
673981234
1
48
75
1
67
36
7
704133276
2
83956761
96761022
86432555
8
2
7
8
43
7
1
6
2
77553585
698186627
91751945
488087051
5
2
3
83564626
6
50
93223689
72867831
84729098
1
493972390
65
839875535
58
8
92099542
1
1
7
66
47
62
1
1
67632530
628212735
648971196
7
62
8
2
637004317
739150157
0
41476614
48
578920011
42
85078416
1
827744169
671330062
77667180
56
3
16
61090465
7
671102834
56909987
7
1
84
2
7
38
78
98075274
3
45
68
55
8
8
24
95864243
78171966
82394323
61
84580386
46
1
91781331
2
479664557
1
2
62
790033258
0
53
2
7
8
8
74042766
632827526
46
65
8
7
743723038
95691141
767875734
72
697721876
803285646
531981050
8
56
7
5
56
0
728198029
1
1
85434480
665435088
81961155
7
8
66
1
65181059
85427102
93794871
1
54
644033497
483903041
1
8
896194863
479541853
7
6
616787454
72
1
511126470
94116451
7
1
86136019
7
75542046
55
26
61715647
8
8
8
69009464
49336519
7
2
1
7
2
39
8
92273351
1
8
52
8
78090329
53
67675698
86762808
1
75196092
78650737
7
54991666
8
80548839
7
85652429
782377422
6
80987116
841268944
685207118
8
59854946
1
8
573113806
7
58024320
811490145
1
8
658521845
1
8
6
3
61210409
73
76608700
8
56
0
90460379
6
8
1
45
36
8
593891894
1
7
2
8
44
1
67
5
2
498794834
478881432
50
37
56
905371344
8
90948023
54
4
53
70052352
706760974
526051465
1
2
59323038
71093576
65
7
51
1
835328060
750248083
36
82074985
58
8
53
391312409
88435430
80
37
800744422
96800701
37
1
81929128
59
50
96182037
66
559846794
63
90080706
50020030
2
533019016
752492801
77923813
883901776
6
1
0
70
904393875
58
7
8
1
52801993
39658388
77631495
763563977
0
76035989
47
8
66
71
816368477
48
0
8
97053582
8
1
52
765607786
88231486
85155859
791364792
8
42
47598609
0
1
82271859
77233209
55
342354054
741952640
8
8
65
61
89208060
75208720
2
1
6
74079702
91582721
1
2
6
460014492
2
74840061
63467285
1
54
91516835
55
592042837
62
70
550297072
552707074
66
8
68637976
631227712
68
72
88219638
67770870
48
8
72
73
2
50
80502479
2
5
65
370947844
1
841856098
38
571394909
72716229
8
58
70600858
3
571075310
8
442828300
1
68531478
8
77646524
897222309
1
888695499
83333357
0
94268399
39
2
47278502
8
511619705
92470226
79888681
8
635985087
65
96811997
684623697
76308467
63870277
55
1
8
44
87933354
63757789
1
70745421
60
79
548784250
68
8
43
64
2
1
60587041
4
0
779647160
1
89660383
55
2
1
589066828
639908064
8
438385423
1
8
32
827351092
8
71
8
799223520
54
8
93107723
7
887005202
67465152
87362460
643542166
1
1
734245791
8
71599119
44
1
41
76881347
84847218
600868499
763670686
8
1
1
866195284
406803992
847923973
0
42
85085861
2
53
8
1
67296065
522958515
8
54
557383335
96284842
8
49
81005740
619764311
37
860550304
0
90433306
61252995
93785338
4
861491514
96982084
8
2
2
69
774693807
8
86272658
43631324
80112664
31
894614741
79480168
1
539128501
8
76
53
7
2
502540573
43224424
750987404
7
53957122
2
578139304
54176040
688172245
618220773
72110343
6
84878387
79661788
8
32
764123368
471313683
599512564
8
65
61946523
1
507772384
43
54
56830900
7
52
8
781925417
682199630
1
8
69549899
488412876
811204973
61
1
7
1
4
59
7
652747724
827228429
47502337
2
1
64207168
67092286
84780675
2
27
0
8
2
3
4
81366896
67
7
8
39
8
8
65
663574241
8
76
7
53
76717544
53
1
71351215
7
433724476
49
613532569
8
0
782775553
6
2
634442084
1
746669032
700667771
1
7
432616102
8
71442590
45
94780973
552467438
7
7
8
47
76233068
8
83
1
56
70
592545226
79153765
69022127
73532661
1
915561217
0
7
7
1
43
8
780453835
6
2
76
84955992
1
62
6
1
57407385
60
8
6
1
91080470
96097322
67362557
78028380
8
632657995
79
797314699
7
63051357
559179895
6
1
70
68
0
65349651
1
8
61171086
20
82
8
88747153
85841295
32
66
8
8
47
85390074
0
67
1
66
8
62
2
86001500
84043957
8
5
76745764
87502526
353955614
56
52
8
40
8
28
672229534
8
91249357
8
54
823316201
6
1
67066560
42
381117944
1
55
57834586
8
6
35475347
62857729
6
0
7
6
71
2
47340854
779937424
75406683
532727990
79708365
1
64
8
53
8
66
4
682694860
7
609437660
71
63105205
74083335
62
35
68701735
832127509
8
373993653
92919543
844533805
2
8
8
91758251
2
770231386
8
631973865
89272696
2
792951889
60
82000970
74598487
27
8
43
54
605627915
97032808
81706401
46
397238913
75882244
83727691
44
8
62
769634059
88174241
63
716005108
74078262
527411823
59721734
70
470673191
8
290942922
843197105
920335193
56
7
68
8
94677862
7
0
754624006
90971582
38
792201914
76369951
450811120
3
86
66689505
599151474
8
47
885149563
96459121
84268736
70512422
8
2
8
7
81
2
70923277
581963155
8
1
597800029
617784938
69262151
2
8
55
2
639541065
91919689
476025419
73
77791621
79032204
77591489
1
8
1
64
785108805
1
738736457
648491964
2
86189419
0
759214773
8
72333789
44
670541165
78573736
1
365727500
66419421
56
604862265
259635
39997
47
49
99996230
39998
999772584
259106
39998
259196
