2
7
2
87
64308557
75
74
2
856055973
806055892
8
615308298
907233439
8
34
7
82570741
59
59635043
50813749
1
708064206
835371016
53
1
546925218
1
80985831
50
54
504779032
561409569
743195317
703572846
7
89003183
8
6
71721023
58
586566048
688809002
7
8
2
650047483
1
84077978
4
8
450323250
413866631
497128573
2
743956973
555645995
8
4
7
8
43
0
895328870
358824037
737547982
1
5
483701568
531949441
2
2
63
424763387
1
1
538954854
57
74174678
54329701
557439839
78335302
672060655
29
63167368
92426887
42
832085176
659881603
56737097
8
1
79499101
41
7
685599474
1
618446906
7
8
2
