26
2
1
20
38705554
11
64649278
29
0
16
0
2
50938725
22
73679936
18
2
90213085
1
2
1
3
1
279200569
270687065
68866117
46602563
1
16
0
2
51754695
322267822
1
368535716
15
1
48662469
84506981
5
3
30769700
2
13
66763116
1
2
21
42369142
59496210
1
27
45565183
6
12
367752659
21
14954074
552150998
41425149
3
3
9
10
21
64411827
63813393
29
55127259
2
1
402659341
28144707
84111567
210299918
2
1
216142287
1
0
3
1
2
16
28
24
2
0
2
631929338
1
84745740
1
72724240
2
0
46221363
62792788
5
86108696
7
88200260
2
2
13
363820030
183720236
6
63489558
19
25
1
14
673900487
79797087
497174828
0
1
696964132
54678631
2
316020543
180816235
12
229785459
2
0
744456159
548484238
9
24
123206306
0
596219478
61826879
1
2
18
24
3
259061486
28470693
2
1
18
2
612287034
1
47606799
2
354311731
2
30428934
17
1
394082900
358751945
2
1
0
2
296979070
37
530448366
3
0
242824460
15018704
491065364
3
20
58660080
2
0
3
288555819
0
0
182676566
62173669
2
33
54859756
0
1
41321255
20229536
55100366
18427064
1
45937607
3
3
0
2
9
1
3
523827094
20
2
369624349
55774907
104597066
480183846
66976462
2
56228693
369392695
1
17
8
53033499
0
9
3
42312646
662408539
21
579496242
2
92598153
88691623
2
21
36579604
67951241
212485903
1
2
331227441
264910091
47693692
388131920
84943186
360977348
77596479
15
1
0
27
28
162937157
1
20
1
14
3
1
67816410
24
2
3
28
2
299386777
55374191
848508186
2
1
3
60913888
26
21
36271700
3
13
138518786
20
60749535
0
3
0
58220306
32
20619409
2
3
3
2
86075913
1
2
40
24
159893875
3
31
3
186890157
2
76707165
2
47214640
33
67029046
3
2
58611416
18026919
1
0
3
0
58698821
0
53817502
0
0
23019554
2
82355691
13
10
657535487
247906098
240396002
10
41
87984570
2
2
2
156158040
36
782866538
44398660
42397174
1
2
356309413
8
30
262235087
0
1
2
2
437076226
0
681739348
36
1
5
22
3
14
306363928
2
31000704
217607251
623845152
583898411
371395823
14
18
29
86631572
13
87114917
27
25
3
3
2
3
1
3
12111227
29
697071372
1
323333511
25836873
0
37
30
43203790
35
282932447
156811601
195548599
420410251
686858918
21
22123009
16
2
24
17
3
2
8
58456751
41842624
72603640
293356001
2
81229581
17
3
49099394
32
26
17
39
1
3
46146406
339505744
46893325
66272022
1
3
0
0
1
14
1
6125930
64348468
3
44
34
79336844
54730168
289111156
2
2
3
12
621591540
2
10
3
45233460
3
3
19
28
644672784
1
1
84839506
3
55401349
41990219
0
704551788
50536957
78792262
26534471
13
28
0
261609630
296999515
59199904
0
0
0
506371040
25
2
2
75031228
13
2
0
44925720
701401114
1
2
3
78513372
459396250
28
685783084
824444550
34520522
46010109
422360032
22
529668720
36462450
75689816
42930524
1
22
0
360325783
1
0
0
89149084
1
57295581
48551062
264030529
515220418
99665057
10
9
3170
498
