434
-1
366
437
251
243
-1
-1
188
49
437
304
230
779
219
150
10
781
251
366
569
458
188
150
781
314
77
-1
377
68
656
122
437
512
539
211
849
245
524
333
664
810
156
736
68
35
395
458
188
289
719
68
98
35
188
633
18
289
-1
437
-1
240
170
156
736
524
400
437
280
406
437
179
-1
156
458
170
169
178
326
265
150
319
762
690
-1
240
107
60
231
26
401
35
289
288
107
211
265
211
92
188
926
156
82
612
437
240
188
130
-1
238
451
168
179
130
288
107
265
544
377
231
233
512
156
237
63
725
520
170
-1
633
265
-1
49
633
98
-1
-1
577
160
-1
967
57
289
366
277
-1
456
363
104
156
599
366
525
203
328
371
68
193
265
139
496
377
265
-1
247
160
10
150
804
633
68
458
98
-1
437
150
-1
437
326
289
458
92
139
179
496
373
75
188
60
688
437
377
217
164
499
156
544
406
240
372
496
428
846
230
-1
669
30
669
384
366
265
333
188
437
661
188
179
233
541
111
526
524
240
240
437
102
26
209
220
188
775
524
60
221
156
150
164
499
288
240
690
333
458
-1
230
29
156
251
-1
156
240
99
669
178
156
846
-1
68
193
289
366
63
333
-1
265
265
107
125
737
656
30
496
241
608
601
107
606
170
377
147
156
267
669
626
107
123
437
188
606
238
188
909
630
12
-1
633
668
827
277
188
265
63
164
725
520
494
60
395
669
319
258
289
98
779
98
507
160
719
60
35
225
373
185
725
405
304
458
160
328
560
728
230
-1
406
333
60
289
601
358
164
601
458
139
608
265
245
104
277
35
333
633
41
178
156
319
176
57
119
358
664
265
111
130
245
35
156
781
333
-1
660
49
781
156
503
520
35
319
60
599
238
107
18
122
104
846
525
231
544
-1
193
525
156
251
-1
57
599
-1
443
479
524
856
856
133
-1
98
524
-1
277
456
599
333
265
211
443
277
832
832
240
521
188
237
29
251
440
-1
479
227
657
57
156
35
496
233
74
63
7
406
98
130
319
399
68
658
725
150
804
-1
599
437
328
-1
130
60
437
-1
251
160
552
690
366
107
156
557
178
18
511
562
156
314
456
156
29
333
544
111
107
437
333
399
377
188
-1
377
587
612
434
-1
496
104
601
320
520
366
289
97
-1
576
213
60
371
458
-1
233
130
768
601
512
552
725
249
230
437
57
60
682
377
288
130
377
60
-1
437
289
63
-1
418
641
156
68
375
111
437
319
188
458
18
437
107
377
333
211
437
227
111
150
608
289
240
-1
306
-1
181
125
377
633
-1
520
63
384
60
179
814
107
333
156
384
358
62
606
92
358
265
90
669
499
690
57
377
179
469
437
289
520
428
156
188
107
265
170
384
251
377
576
-1
169
521
60
725
520
156
664
-1
725
339
107
179
119
46
458
-1
68
169
-1
633
544
633
173
437
193
581
68
458
725
358
107
-1
437
690
240
606
377
458
358
258
188
616
669
737
59
60
233
669
63
245
587
188
160
119
92
821
437
35
156
319
520
156
414
156
-1
-1
-1
213
150
668
265
92
630
633
139
18
166
576
332
60
63
170
633
344
160
265
314
332
601
781
952
781
377
-1
524
288
59
690
464
265
192
-1
-1
606
669
238
520
156
154
156
-1
443
524
288
-1
576
156
725
520
736
83
549
122
661
289
333
366
524
289
524
333
319
877
18
221
60
499
178
772
35
520
437
-1
606
358
18
431
328
-1
241
736
304
247
783
-1
737
349
-1
150
694
633
-1
30
563
237
-1
623
32
156
669
51
633
630
301
299
377
320
-1
170
288
736
519
599
458
265
395
233
107
414
235
715
-1
437
319
437
399
-1
377
709
496
156
767
524
251
170
575
933
170
633
633
326
63
36
524
100
230
107
170
524
18
265
783
188
520
289
220
-1
107
330
437
349
304
107
231
12
518
29
593
188
111
366
104
406
49
119
130
377
690
525
245
465
377
111
68
30
231
496
557
-1
251
156
377
601
265
437
-1
-1
231
358
49
458
736
814
68
384
709
63
560
599
499
-1
-1
29
319
102
557
458
-1
60
458
524
358
289
63
245
139
521
119
428
68
333
924
339
188
188
544
606
544
856
265
60
525
725
656
350
107
698
222
-1
92
119
211
377
35
111
304
179
90
763
520
133
188
377
-1
289
709
265
122
-1
60
245
35
225
606
810
437
-1
-1
54
763
576
156
399
414
674
-1
406
469
196
12
98
35
-1
-1
-1
119
304
349
725
-1
-1
656
98
399
35
247
251
-1
674
241
458
92
230
68
807
688
-1
849
49
289
193
227
736
524
674
278
98
371
233
620
319
188
63
-1
-1
119
