9225
23207
28078
46322
12212
48661
63080
54635
66334
32041
66334
59530
22957
36358
87786
87786
44349
51773
98430
108198
118342
67290
23226
119245
51362
119245
80539
129384
36365
129384
136904
118811
136904
136904
73480
140366
140366
140366
140366
140366
91416
79254
82242
137290
160201
158103
160201
115854
103341
197046
70168
206071
206331
176801
218074
133824
38163
223816
223816
225656
232377
231367
49516
251199
57172
181064
283207
283207
281055
283207
184623
283207
187462
237062
245478
275995
287037
291112
296992
305813
201502
310187
320947
320947
320947
297329
274232
320947
324064
213181
327089
334282
142348
325808
285199
334282
208835
343709
346078
308531
346078
346078
319145
211102
346078
346078
350325
362467
272875
238655
370244
370244
367291
363586
344729
192298
317900
389077
389077
92371
321445
328034
317640
369822
402505
274054
406465
419209
419209
432067
362586
295339
441700
350071
378113
234111
186168
261202
404540
303933
453189
389602
286233
384799
453189
453648
427506
402137
457110
460848
335460
466171
361816
404452
466171
435007
466171
180234
466171
460848
466171
466171
473710
269562
449705
499570
486592
389794
61166
462568
514612
514612
408489
470065
410713
480642
300112
475141
522321
522321
417090
528709
479447
530786
535217
504043
535217
535217
535217
397301
401624
451148
555880
517610
462323
555880
529619
555880
157357
555880
555880
555880
558337
560304
560304
560304
560304
454279
123189
577667
544236
487565
585405
591360
591360
591360
490885
591360
557062
182546
595629
595629
595629
473737
578417
566217
373939
598542
566873
382849
574040
520327
500660
261879
256162
498236
525393
565453
436638
604020
604020
590048
217793
578664
610588
350766
612047
621331
554993
557399
516115
544855
401577
640035
620689
642064
627730
470217
652830
652830
457522
560373
485710
635928
435931
246104
476232
661612
687794
608367
626930
691521
480101
691521
630448
419914
691521
691521
646200
642658
576855
183829
715774
657464
687297
728672
716272
739471
739471
720731
732799
732799
291853
759603
759603
759603
771757
771757
771757
771757
701559
557900
509229
645976
787630
787630
765885
625136
797582
773768
240963
805508
805508
806583
806583
803718
333377
816366
786098
816366
818930
811481
543318
826379
566213
834786
759251
681792
834786
835622
837801
734296
317000
802601
826917
317000
799568
641011
843393
843393
843393
843393
817408
587306
868053
838170
785522
885231
885231
386156
841152
885231
858178
887494
887494
893119
862616
897397
897397
891246
910312
917793
888192
917793
924456
658489
844240
926261
622847
941433
928110
941433
743672
863525
941433
732167
947902
964088
964088
751710
969283
944759
559304
867577
971889
971889
901685
876005
566896
928926
971889
971889
971889
971889
971889
971889
937327
697437
985749
985749
994400
927366
922199
746251
1008507
1008507
1008507
392362
591596
998008
1012782
278562
976299
979385
240095
960024
1015868
1012442
1015868
1026034
275490
1030538
1003170
962151
1034973
1047221
1047221
880868
1052162
1022015
1065863
1049697
1067051
1081303
1081303
1093620
912442
1101421
720827
1110667
1111201
1111201
798212
1111201
1111201
1111201
1112186
946035
1112186
1112186
1108292
920569
1117857
770396
862206
1150429
1151715
1174005
1174005
1196198
1005371
1004909
684717
1181525
1003596
1200271
1231305
1231305
1240439
1203895
1240439
1240439
1240439
1041586
1206000
1244639
1244639
1178176
1236801
1057028
1260673
1174753
1260673
1252602
697273
1266759
1283467
1283467
1105993
487879
1065584
1310704
1310704
1310704
1310704
