765749591
615890207
35626579
356183461
875260819
570056989
703679939
8132709
160643804
90112159
827536521
331478199
738308577
432899956
400750715
96716941
1
544544785
690138863
498333540
804119076
285821569
365543605
29145037
166152284
143522642
517092353
297900926
35234239
539620607
319182241
16637152
570597063
118438777
871973426
541621011
146120765
416152123
100467496
812433049
490665326
1
15777415
298182356
478172864
122296471
346490111
313779809
219233665
836292337
164842815
507786895
430344697
755529186
341436686
156885483
681582329
61756286
608510017
104756581
702940499
783940871
205184305
470900543
215507176
800614299
16326906
699185276
631651424
198059287
445497403
317155858
649485149
15189095
507729941
737981849
917485997
224323399
91296953
678869080
602484119
1
1
336529727
314120043
294925279
551958931
326357791
713380674
567457819
781536971
619507639
189135886
79146131
198321696
85650543
71757814
420186823
403076330
412951649
1
525231101
662109122
484375723
151919704
644267648
3352805
157805647
845723923
694259477
743991809
328249303
379498943
369707539
752723761
486384493
1
33206303
347076119
489468649
280408639
77803181
807198755
838133911
710299241
898837669
358003129
564504734
800630410
422508931
27293551
3951393
565032349
1
456089024
600109912
415905785
645229439
170800465
212511148
286134649
910009215
32982175
362284892
959315159
593305957
92412833
1
342223649
266684761
309852115
37886647
304724335
49221971
227185399
667928743
393915257
241094717
1
206894096
94536322
420046943
882191584
198314384
107753147
722124018
282086639
660070399
13650376
892837799
222441855
15673644
855078797
629743568
395568382
8442705
196090114
645117471
224900051
1
550519802
819005401
192109045
182500192
73152710
1
857848861
105095395
358160421
110184391
1
37790761
424136753
379281079
98456617
60220384
856291997
592266285
965867833
219522677
111464057
94675729
396173455
361222223
178163383
902421701
725984638
1
725798293
87175661
389841401
553104910
1
672866818
345508787
32254466
638555195
596551391
635370821
135424745
223521189
521056131
326336891
340812035
842376924
539048324
427993488
274197663
844708079
239298749
96385095
621830501
399693161
718169551
60196228
825432044
533025471
22867109
528178967
479635916
395011429
334827439
33032959
267102588
549213961
700775599
857378194
602943621
573531221
970421999
731936731
487962412
432933622
1
520352013
734397001
5176107
499639195
489916049
204330142
527860879
1
70375705
519083061
577756831
590807600
233227399
354007583
801749753
262516552
197225830
198060031
542947651
272843769
593525536
482878769
308695086
311442251
141688233
46211735
1
96561881
112111468
256111561
889390501
774687206
373188362
447038855
450668789
1
33572991
320408899
428017033
675546479
281372475
655881511
99436717
9269618
268901321
632259679
346782790
413787939
487944449
603241008
13316841
862493719
633766249
322884463
57068299
713990024
587105055
444040221
363496747
923309829
1
193952825
415656871
818373481
152265323
315969027
357960257
167794073
124445229
440638067
916935857
815162836
293039097
96089519
588600299
257468857
440235539
1
905561191
895974899
474109463
279836774
56760479
564065441
491042215
383699665
502367256
661997868
111426706
1
928428331
230389648
186757828
335846948
88406473
493581629
645964733
246576812
46155041
1
129649683
581666159
342515929
231123969
158512871
463914439
1
1
823104913
354414479
101124635
675936950
457453534
710235849
1
1
513612175
117925193
892012198
34104883
60601969
1
239718479
662908337
35620573
163240976
725997301
625282951
398452909
763469059
693117937
493566187
939594699
332171704
432474536
195173921
654689489
105828339
218356711
542113007
213419966
390961459
509902577
22971647
129081373
119844531
485922317
345866917
1
486824656
420459124
25115599
881370319
539158989
1
648745333
837759226
1
223431355
342837899
